mode: set
github.com/docToolchain/Bausteinsicht/cmd/bausteinsicht/add.go:5.33,15.2 4 1
github.com/docToolchain/Bausteinsicht/cmd/bausteinsicht/add_element.go:18.32,20.2 1 1
github.com/docToolchain/Bausteinsicht/cmd/bausteinsicht/add_element.go:22.40,41.2 11 1
github.com/docToolchain/Bausteinsicht/cmd/bausteinsicht/add_element.go:43.61,55.20 9 1
github.com/docToolchain/Bausteinsicht/cmd/bausteinsicht/add_element.go:55.20,60.3 1 1
github.com/docToolchain/Bausteinsicht/cmd/bausteinsicht/add_element.go:63.2,63.17 1 1
github.com/docToolchain/Bausteinsicht/cmd/bausteinsicht/add_element.go:63.17,65.3 1 1
github.com/docToolchain/Bausteinsicht/cmd/bausteinsicht/add_element.go:68.2,68.21 1 1
github.com/docToolchain/Bausteinsicht/cmd/bausteinsicht/add_element.go:68.21,70.17 2 1
github.com/docToolchain/Bausteinsicht/cmd/bausteinsicht/add_element.go:70.17,72.4 1 0
github.com/docToolchain/Bausteinsicht/cmd/bausteinsicht/add_element.go:73.3,73.23 1 1
github.com/docToolchain/Bausteinsicht/cmd/bausteinsicht/add_element.go:76.2,77.16 2 1
github.com/docToolchain/Bausteinsicht/cmd/bausteinsicht/add_element.go:77.16,79.3 1 0
github.com/docToolchain/Bausteinsicht/cmd/bausteinsicht/add_element.go:82.2,82.50 1 1
github.com/docToolchain/Bausteinsicht/cmd/bausteinsicht/add_element.go:82.50,87.3 1 1
github.com/docToolchain/Bausteinsicht/cmd/bausteinsicht/add_element.go:90.2,99.18 3 1
github.com/docToolchain/Bausteinsicht/cmd/bausteinsicht/add_element.go:99.18,102.17 2 1
github.com/docToolchain/Bausteinsicht/cmd/bausteinsicht/add_element.go:102.17,104.4 1 1
github.com/docToolchain/Bausteinsicht/cmd/bausteinsicht/add_element.go:107.3,107.84 1 1
github.com/docToolchain/Bausteinsicht/cmd/bausteinsicht/add_element.go:107.84,112.4 1 1
github.com/docToolchain/Bausteinsicht/cmd/bausteinsicht/add_element.go:115.3,115.33 1 1
github.com/docToolchain/Bausteinsicht/cmd/bausteinsicht/add_element.go:115.33,116.52 1 1
github.com/docToolchain/Bausteinsicht/cmd/bausteinsicht/add_element.go:116.52,118.5 1 1
github.com/docToolchain/Bausteinsicht/cmd/bausteinsicht/add_element.go:122.3,122.63 1 1
github.com/docToolchain/Bausteinsicht/cmd/bausteinsicht/add_element.go:122.63,124.4 1 0
github.com/docToolchain/Bausteinsicht/cmd/bausteinsicht/add_element.go:126.3,126.29 1 1
github.com/docToolchain/Bausteinsicht/cmd/bausteinsicht/add_element.go:127.8,129.39 1 1
github.com/docToolchain/Bausteinsicht/cmd/bausteinsicht/add_element.go:129.39,131.4 1 1
github.com/docToolchain/Bausteinsicht/cmd/bausteinsicht/add_element.go:133.3,133.21 1 1
github.com/docToolchain/Bausteinsicht/cmd/bausteinsicht/add_element.go:133.21,135.4 1 0
github.com/docToolchain/Bausteinsicht/cmd/bausteinsicht/add_element.go:136.3,136.21 1 1
github.com/docToolchain/Bausteinsicht/cmd/bausteinsicht/add_element.go:140.2,140.81 1 1
github.com/docToolchain/Bausteinsicht/cmd/bausteinsicht/add_element.go:140.81,142.3 1 0
github.com/docToolchain/Bausteinsicht/cmd/bausteinsicht/add_element.go:145.2,145.22 1 1
github.com/docToolchain/Bausteinsicht/cmd/bausteinsicht/add_element.go:145.22,151.23 2 1
github.com/docToolchain/Bausteinsicht/cmd/bausteinsicht/add_element.go:151.23,153.4 1 1
github.com/docToolchain/Bausteinsicht/cmd/bausteinsicht/add_element.go:154.3,154.24 1 1
github.com/docToolchain/Bausteinsicht/cmd/bausteinsicht/add_element.go:154.24,156.4 1 1
github.com/docToolchain/Bausteinsicht/cmd/bausteinsicht/add_element.go:157.3,158.28 2 1
github.com/docToolchain/Bausteinsicht/cmd/bausteinsicht/add_element.go:159.8,161.3 1 1
github.com/docToolchain/Bausteinsicht/cmd/bausteinsicht/add_element.go:163.2,163.12 1 1
github.com/docToolchain/Bausteinsicht/cmd/bausteinsicht/add_element.go:167.107,172.9 3 1
github.com/docToolchain/Bausteinsicht/cmd/bausteinsicht/add_element.go:172.9,174.3 1 0
github.com/docToolchain/Bausteinsicht/cmd/bausteinsicht/add_element.go:176.2,176.21 1 1
github.com/docToolchain/Bausteinsicht/cmd/bausteinsicht/add_element.go:176.21,177.27 1 1
github.com/docToolchain/Bausteinsicht/cmd/bausteinsicht/add_element.go:177.27,179.4 1 0
github.com/docToolchain/Bausteinsicht/cmd/bausteinsicht/add_element.go:180.3,182.13 3 1
github.com/docToolchain/Bausteinsicht/cmd/bausteinsicht/add_element.go:186.2,188.33 3 0
github.com/docToolchain/Bausteinsicht/cmd/bausteinsicht/add_element.go:188.33,189.30 1 0
github.com/docToolchain/Bausteinsicht/cmd/bausteinsicht/add_element.go:189.30,191.4 1 0
github.com/docToolchain/Bausteinsicht/cmd/bausteinsicht/add_element.go:192.3,193.10 2 0
github.com/docToolchain/Bausteinsicht/cmd/bausteinsicht/add_element.go:193.10,195.4 1 0
github.com/docToolchain/Bausteinsicht/cmd/bausteinsicht/add_element.go:196.3,197.17 2 0
github.com/docToolchain/Bausteinsicht/cmd/bausteinsicht/add_element.go:201.2,201.29 1 0
github.com/docToolchain/Bausteinsicht/cmd/bausteinsicht/add_element.go:201.29,203.3 1 0
github.com/docToolchain/Bausteinsicht/cmd/bausteinsicht/add_element.go:204.2,208.38 3 0
github.com/docToolchain/Bausteinsicht/cmd/bausteinsicht/add_element.go:208.38,210.33 2 0
github.com/docToolchain/Bausteinsicht/cmd/bausteinsicht/add_element.go:210.33,212.4 1 0
github.com/docToolchain/Bausteinsicht/cmd/bausteinsicht/add_element.go:213.3,214.26 2 0
github.com/docToolchain/Bausteinsicht/cmd/bausteinsicht/add_element.go:217.2,218.12 2 0
github.com/docToolchain/Bausteinsicht/cmd/bausteinsicht/add_element.go:221.41,224.25 3 1
github.com/docToolchain/Bausteinsicht/cmd/bausteinsicht/add_element.go:224.25,225.15 1 1
github.com/docToolchain/Bausteinsicht/cmd/bausteinsicht/add_element.go:225.15,226.21 1 0
github.com/docToolchain/Bausteinsicht/cmd/bausteinsicht/add_element.go:226.21,228.5 1 0
github.com/docToolchain/Bausteinsicht/cmd/bausteinsicht/add_element.go:229.4,229.16 1 0
github.com/docToolchain/Bausteinsicht/cmd/bausteinsicht/add_element.go:230.9,232.4 1 1
github.com/docToolchain/Bausteinsicht/cmd/bausteinsicht/add_element.go:234.2,234.19 1 1
github.com/docToolchain/Bausteinsicht/cmd/bausteinsicht/add_element.go:234.19,236.3 1 1
github.com/docToolchain/Bausteinsicht/cmd/bausteinsicht/add_element.go:237.2,237.15 1 1
github.com/docToolchain/Bausteinsicht/cmd/bausteinsicht/add_element.go:242.123,246.18 2 1
github.com/docToolchain/Bausteinsicht/cmd/bausteinsicht/add_element.go:246.18,248.3 1 1
github.com/docToolchain/Bausteinsicht/cmd/bausteinsicht/add_element.go:249.2,253.18 3 1
github.com/docToolchain/Bausteinsicht/cmd/bausteinsicht/add_element.go:253.18,258.3 3 1
github.com/docToolchain/Bausteinsicht/cmd/bausteinsicht/add_element.go:258.8,260.3 1 1
github.com/docToolchain/Bausteinsicht/cmd/bausteinsicht/add_element.go:262.2,262.72 1 1
github.com/docToolchain/Bausteinsicht/cmd/bausteinsicht/add_element.go:262.72,264.3 1 1
github.com/docToolchain/Bausteinsicht/cmd/bausteinsicht/add_element.go:265.2,265.16 1 1
github.com/docToolchain/Bausteinsicht/cmd/bausteinsicht/add_element.go:265.16,268.3 1 0
github.com/docToolchain/Bausteinsicht/cmd/bausteinsicht/add_element.go:269.2,269.12 1 1
github.com/docToolchain/Bausteinsicht/cmd/bausteinsicht/add_element.go:275.63,281.27 5 1
github.com/docToolchain/Bausteinsicht/cmd/bausteinsicht/add_element.go:281.27,283.3 1 1
github.com/docToolchain/Bausteinsicht/cmd/bausteinsicht/add_element.go:284.2,284.28 1 1
github.com/docToolchain/Bausteinsicht/cmd/bausteinsicht/add_element.go:284.28,286.3 1 1
github.com/docToolchain/Bausteinsicht/cmd/bausteinsicht/add_element.go:288.2,289.26 2 1
github.com/docToolchain/Bausteinsicht/cmd/bausteinsicht/add_element.go:289.26,291.23 2 1
github.com/docToolchain/Bausteinsicht/cmd/bausteinsicht/add_element.go:291.23,293.4 1 1
github.com/docToolchain/Bausteinsicht/cmd/bausteinsicht/add_element.go:294.3,294.17 1 1
github.com/docToolchain/Bausteinsicht/cmd/bausteinsicht/add_element.go:296.2,297.15 2 1
github.com/docToolchain/Bausteinsicht/cmd/bausteinsicht/add_element.go:300.53,302.42 2 1
github.com/docToolchain/Bausteinsicht/cmd/bausteinsicht/add_element.go:302.42,303.18 1 1
github.com/docToolchain/Bausteinsicht/cmd/bausteinsicht/add_element.go:303.18,305.4 1 1
github.com/docToolchain/Bausteinsicht/cmd/bausteinsicht/add_element.go:306.3,306.13 1 1
github.com/docToolchain/Bausteinsicht/cmd/bausteinsicht/add_element.go:308.2,308.14 1 1
github.com/docToolchain/Bausteinsicht/cmd/bausteinsicht/add_relationship.go:11.45,29.2 9 1
github.com/docToolchain/Bausteinsicht/cmd/bausteinsicht/add_relationship.go:31.66,40.21 8 1
github.com/docToolchain/Bausteinsicht/cmd/bausteinsicht/add_relationship.go:40.21,42.17 2 0
github.com/docToolchain/Bausteinsicht/cmd/bausteinsicht/add_relationship.go:42.17,44.4 1 0
github.com/docToolchain/Bausteinsicht/cmd/bausteinsicht/add_relationship.go:45.3,45.23 1 0
github.com/docToolchain/Bausteinsicht/cmd/bausteinsicht/add_relationship.go:48.2,49.16 2 1
github.com/docToolchain/Bausteinsicht/cmd/bausteinsicht/add_relationship.go:49.16,51.3 1 0
github.com/docToolchain/Bausteinsicht/cmd/bausteinsicht/add_relationship.go:53.2,53.50 1 1
github.com/docToolchain/Bausteinsicht/cmd/bausteinsicht/add_relationship.go:53.50,55.3 1 1
github.com/docToolchain/Bausteinsicht/cmd/bausteinsicht/add_relationship.go:57.2,57.48 1 1
github.com/docToolchain/Bausteinsicht/cmd/bausteinsicht/add_relationship.go:57.48,59.3 1 1
github.com/docToolchain/Bausteinsicht/cmd/bausteinsicht/add_relationship.go:61.2,61.16 1 1
github.com/docToolchain/Bausteinsicht/cmd/bausteinsicht/add_relationship.go:61.16,62.43 1 1
github.com/docToolchain/Bausteinsicht/cmd/bausteinsicht/add_relationship.go:62.43,64.4 1 0
github.com/docToolchain/Bausteinsicht/cmd/bausteinsicht/add_relationship.go:65.3,65.56 1 1
github.com/docToolchain/Bausteinsicht/cmd/bausteinsicht/add_relationship.go:65.56,67.4 1 1
github.com/docToolchain/Bausteinsicht/cmd/bausteinsicht/add_relationship.go:70.2,70.36 1 1
github.com/docToolchain/Bausteinsicht/cmd/bausteinsicht/add_relationship.go:70.36,71.53 1 1
github.com/docToolchain/Bausteinsicht/cmd/bausteinsicht/add_relationship.go:71.53,73.4 1 1
github.com/docToolchain/Bausteinsicht/cmd/bausteinsicht/add_relationship.go:76.2,87.71 4 1
github.com/docToolchain/Bausteinsicht/cmd/bausteinsicht/add_relationship.go:87.71,89.3 1 1
github.com/docToolchain/Bausteinsicht/cmd/bausteinsicht/add_relationship.go:90.2,90.16 1 1
github.com/docToolchain/Bausteinsicht/cmd/bausteinsicht/add_relationship.go:90.16,92.50 1 0
github.com/docToolchain/Bausteinsicht/cmd/bausteinsicht/add_relationship.go:92.50,94.4 1 0
github.com/docToolchain/Bausteinsicht/cmd/bausteinsicht/add_relationship.go:97.2,97.22 1 1
github.com/docToolchain/Bausteinsicht/cmd/bausteinsicht/add_relationship.go:97.22,99.3 1 1
github.com/docToolchain/Bausteinsicht/cmd/bausteinsicht/add_relationship.go:100.2,101.12 2 1
github.com/docToolchain/Bausteinsicht/cmd/bausteinsicht/add_relationship.go:105.61,110.21 2 1
github.com/docToolchain/Bausteinsicht/cmd/bausteinsicht/add_relationship.go:110.21,112.3 1 1
github.com/docToolchain/Bausteinsicht/cmd/bausteinsicht/add_relationship.go:113.2,113.20 1 1
github.com/docToolchain/Bausteinsicht/cmd/bausteinsicht/add_relationship.go:113.20,115.3 1 1
github.com/docToolchain/Bausteinsicht/cmd/bausteinsicht/add_relationship.go:116.2,116.27 1 1
github.com/docToolchain/Bausteinsicht/cmd/bausteinsicht/add_relationship.go:116.27,118.3 1 1
github.com/docToolchain/Bausteinsicht/cmd/bausteinsicht/add_relationship.go:120.2,121.26 2 1
github.com/docToolchain/Bausteinsicht/cmd/bausteinsicht/add_relationship.go:121.26,123.23 2 1
github.com/docToolchain/Bausteinsicht/cmd/bausteinsicht/add_relationship.go:123.23,125.4 1 1
github.com/docToolchain/Bausteinsicht/cmd/bausteinsicht/add_relationship.go:126.3,126.17 1 1
github.com/docToolchain/Bausteinsicht/cmd/bausteinsicht/add_relationship.go:128.2,129.15 2 1
github.com/docToolchain/Bausteinsicht/cmd/bausteinsicht/add_relationship.go:132.50,133.19 1 1
github.com/docToolchain/Bausteinsicht/cmd/bausteinsicht/add_relationship.go:133.19,135.3 1 1
github.com/docToolchain/Bausteinsicht/cmd/bausteinsicht/add_relationship.go:135.8,137.3 1 1
github.com/docToolchain/Bausteinsicht/cmd/bausteinsicht/add_relationship.go:140.56,155.16 3 1
github.com/docToolchain/Bausteinsicht/cmd/bausteinsicht/add_relationship.go:155.16,157.3 1 0
github.com/docToolchain/Bausteinsicht/cmd/bausteinsicht/add_relationship.go:158.2,159.12 2 1
github.com/docToolchain/Bausteinsicht/cmd/bausteinsicht/cmd_schema.go:12.36,22.2 3 1
github.com/docToolchain/Bausteinsicht/cmd/bausteinsicht/cmd_schema.go:24.44,35.2 3 1
github.com/docToolchain/Bausteinsicht/cmd/bausteinsicht/cmd_schema.go:37.62,41.60 2 0
github.com/docToolchain/Bausteinsicht/cmd/bausteinsicht/cmd_schema.go:41.60,43.3 1 0
github.com/docToolchain/Bausteinsicht/cmd/bausteinsicht/cmd_schema.go:46.2,53.16 4 0
github.com/docToolchain/Bausteinsicht/cmd/bausteinsicht/cmd_schema.go:53.16,55.3 1 0
github.com/docToolchain/Bausteinsicht/cmd/bausteinsicht/cmd_schema.go:58.2,58.66 1 0
github.com/docToolchain/Bausteinsicht/cmd/bausteinsicht/cmd_schema.go:58.66,60.3 1 0
github.com/docToolchain/Bausteinsicht/cmd/bausteinsicht/cmd_schema.go:63.2,67.12 4 0
github.com/docToolchain/Bausteinsicht/cmd/bausteinsicht/export.go:15.36,28.2 7 1
github.com/docToolchain/Bausteinsicht/cmd/bausteinsicht/export.go:36.54,46.21 9 0
github.com/docToolchain/Bausteinsicht/cmd/bausteinsicht/export.go:46.21,47.60 1 0
github.com/docToolchain/Bausteinsicht/cmd/bausteinsicht/export.go:47.60,49.4 1 0
github.com/docToolchain/Bausteinsicht/cmd/bausteinsicht/export.go:53.2,53.50 1 0
github.com/docToolchain/Bausteinsicht/cmd/bausteinsicht/export.go:53.50,55.3 1 0
github.com/docToolchain/Bausteinsicht/cmd/bausteinsicht/export.go:58.2,58.21 1 0
github.com/docToolchain/Bausteinsicht/cmd/bausteinsicht/export.go:58.21,60.17 2 0
github.com/docToolchain/Bausteinsicht/cmd/bausteinsicht/export.go:60.17,62.4 1 0
github.com/docToolchain/Bausteinsicht/cmd/bausteinsicht/export.go:63.3,63.23 1 0
github.com/docToolchain/Bausteinsicht/cmd/bausteinsicht/export.go:67.2,72.16 4 0
github.com/docToolchain/Bausteinsicht/cmd/bausteinsicht/export.go:72.16,74.3 1 0
github.com/docToolchain/Bausteinsicht/cmd/bausteinsicht/export.go:76.2,76.23 1 0
github.com/docToolchain/Bausteinsicht/cmd/bausteinsicht/export.go:76.23,78.3 1 0
github.com/docToolchain/Bausteinsicht/cmd/bausteinsicht/export.go:81.2,81.22 1 0
github.com/docToolchain/Bausteinsicht/cmd/bausteinsicht/export.go:81.22,82.40 1 0
github.com/docToolchain/Bausteinsicht/cmd/bausteinsicht/export.go:82.40,84.4 1 0
github.com/docToolchain/Bausteinsicht/cmd/bausteinsicht/export.go:88.2,89.16 2 0
github.com/docToolchain/Bausteinsicht/cmd/bausteinsicht/export.go:89.16,91.3 1 0
github.com/docToolchain/Bausteinsicht/cmd/bausteinsicht/export.go:94.2,95.16 2 0
github.com/docToolchain/Bausteinsicht/cmd/bausteinsicht/export.go:95.16,97.3 1 0
github.com/docToolchain/Bausteinsicht/cmd/bausteinsicht/export.go:99.2,99.33 1 0
github.com/docToolchain/Bausteinsicht/cmd/bausteinsicht/export.go:99.33,101.3 1 0
github.com/docToolchain/Bausteinsicht/cmd/bausteinsicht/export.go:104.2,104.53 1 0
github.com/docToolchain/Bausteinsicht/cmd/bausteinsicht/export.go:104.53,106.3 1 0
github.com/docToolchain/Bausteinsicht/cmd/bausteinsicht/export.go:109.2,116.31 4 0
github.com/docToolchain/Bausteinsicht/cmd/bausteinsicht/export.go:116.31,117.48 1 0
github.com/docToolchain/Bausteinsicht/cmd/bausteinsicht/export.go:117.48,118.12 1 0
github.com/docToolchain/Bausteinsicht/cmd/bausteinsicht/export.go:120.3,121.27 2 0
github.com/docToolchain/Bausteinsicht/cmd/bausteinsicht/export.go:121.27,122.24 1 0
github.com/docToolchain/Bausteinsicht/cmd/bausteinsicht/export.go:122.24,124.10 2 0
github.com/docToolchain/Bausteinsicht/cmd/bausteinsicht/export.go:129.2,129.23 1 0
github.com/docToolchain/Bausteinsicht/cmd/bausteinsicht/export.go:129.23,131.3 1 0
github.com/docToolchain/Bausteinsicht/cmd/bausteinsicht/export.go:134.2,137.29 3 0
github.com/docToolchain/Bausteinsicht/cmd/bausteinsicht/export.go:137.29,140.34 2 0
github.com/docToolchain/Bausteinsicht/cmd/bausteinsicht/export.go:140.34,142.4 1 0
github.com/docToolchain/Bausteinsicht/cmd/bausteinsicht/export.go:144.3,152.17 2 0
github.com/docToolchain/Bausteinsicht/cmd/bausteinsicht/export.go:152.17,154.12 2 0
github.com/docToolchain/Bausteinsicht/cmd/bausteinsicht/export.go:156.3,156.33 1 0
github.com/docToolchain/Bausteinsicht/cmd/bausteinsicht/export.go:160.2,160.22 1 0
github.com/docToolchain/Bausteinsicht/cmd/bausteinsicht/export.go:160.22,168.3 3 0
github.com/docToolchain/Bausteinsicht/cmd/bausteinsicht/export.go:168.8,169.27 1 0
github.com/docToolchain/Bausteinsicht/cmd/bausteinsicht/export.go:169.27,171.4 1 0
github.com/docToolchain/Bausteinsicht/cmd/bausteinsicht/export.go:172.3,172.34 1 0
github.com/docToolchain/Bausteinsicht/cmd/bausteinsicht/export.go:172.34,174.4 1 0
github.com/docToolchain/Bausteinsicht/cmd/bausteinsicht/export.go:177.2,177.27 1 0
github.com/docToolchain/Bausteinsicht/cmd/bausteinsicht/export.go:177.27,179.3 1 0
github.com/docToolchain/Bausteinsicht/cmd/bausteinsicht/export.go:180.2,180.12 1 0
github.com/docToolchain/Bausteinsicht/cmd/bausteinsicht/export_diagram.go:17.43,30.2 5 1
github.com/docToolchain/Bausteinsicht/cmd/bausteinsicht/export_diagram.go:32.61,38.21 5 1
github.com/docToolchain/Bausteinsicht/cmd/bausteinsicht/export_diagram.go:38.21,39.60 1 1
github.com/docToolchain/Bausteinsicht/cmd/bausteinsicht/export_diagram.go:39.60,41.4 1 0
github.com/docToolchain/Bausteinsicht/cmd/bausteinsicht/export_diagram.go:44.2,44.21 1 1
github.com/docToolchain/Bausteinsicht/cmd/bausteinsicht/export_diagram.go:44.21,46.17 2 0
github.com/docToolchain/Bausteinsicht/cmd/bausteinsicht/export_diagram.go:46.17,48.4 1 0
github.com/docToolchain/Bausteinsicht/cmd/bausteinsicht/export_diagram.go:49.3,49.23 1 0
github.com/docToolchain/Bausteinsicht/cmd/bausteinsicht/export_diagram.go:52.2,53.16 2 1
github.com/docToolchain/Bausteinsicht/cmd/bausteinsicht/export_diagram.go:53.16,55.3 1 0
github.com/docToolchain/Bausteinsicht/cmd/bausteinsicht/export_diagram.go:58.2,58.36 1 1
github.com/docToolchain/Bausteinsicht/cmd/bausteinsicht/export_diagram.go:58.36,60.20 1 1
github.com/docToolchain/Bausteinsicht/cmd/bausteinsicht/export_diagram.go:60.20,62.4 1 0
github.com/docToolchain/Bausteinsicht/cmd/bausteinsicht/export_diagram.go:63.3,64.22 2 1
github.com/docToolchain/Bausteinsicht/cmd/bausteinsicht/export_diagram.go:64.22,67.4 2 1
github.com/docToolchain/Bausteinsicht/cmd/bausteinsicht/export_diagram.go:68.3,68.54 1 1
github.com/docToolchain/Bausteinsicht/cmd/bausteinsicht/export_diagram.go:68.54,70.4 1 0
github.com/docToolchain/Bausteinsicht/cmd/bausteinsicht/export_diagram.go:71.3,72.66 2 1
github.com/docToolchain/Bausteinsicht/cmd/bausteinsicht/export_diagram.go:72.66,74.4 1 0
github.com/docToolchain/Bausteinsicht/cmd/bausteinsicht/export_diagram.go:75.3,76.13 2 1
github.com/docToolchain/Bausteinsicht/cmd/bausteinsicht/export_diagram.go:80.2,81.19 2 1
github.com/docToolchain/Bausteinsicht/cmd/bausteinsicht/export_diagram.go:81.19,83.10 2 1
github.com/docToolchain/Bausteinsicht/cmd/bausteinsicht/export_diagram.go:83.10,85.4 1 1
github.com/docToolchain/Bausteinsicht/cmd/bausteinsicht/export_diagram.go:86.3,86.21 1 1
github.com/docToolchain/Bausteinsicht/cmd/bausteinsicht/export_diagram.go:87.8,89.3 1 1
github.com/docToolchain/Bausteinsicht/cmd/bausteinsicht/export_diagram.go:91.2,94.23 2 1
github.com/docToolchain/Bausteinsicht/cmd/bausteinsicht/export_diagram.go:95.27,96.90 1 1
github.com/docToolchain/Bausteinsicht/cmd/bausteinsicht/export_diagram.go:99.2,101.23 3 1
github.com/docToolchain/Bausteinsicht/cmd/bausteinsicht/export_diagram.go:102.18,104.15 2 1
github.com/docToolchain/Bausteinsicht/cmd/bausteinsicht/export_diagram.go:105.17,107.14 2 1
github.com/docToolchain/Bausteinsicht/cmd/bausteinsicht/export_diagram.go:108.10,109.172 1 1
github.com/docToolchain/Bausteinsicht/cmd/bausteinsicht/export_diagram.go:113.2,113.28 1 1
github.com/docToolchain/Bausteinsicht/cmd/bausteinsicht/export_diagram.go:113.28,121.28 4 0
github.com/docToolchain/Bausteinsicht/cmd/bausteinsicht/export_diagram.go:121.28,123.21 2 0
github.com/docToolchain/Bausteinsicht/cmd/bausteinsicht/export_diagram.go:123.21,125.5 1 0
github.com/docToolchain/Bausteinsicht/cmd/bausteinsicht/export_diagram.go:126.4,130.6 1 0
github.com/docToolchain/Bausteinsicht/cmd/bausteinsicht/export_diagram.go:132.3,134.13 3 0
github.com/docToolchain/Bausteinsicht/cmd/bausteinsicht/export_diagram.go:137.2,137.25 1 1
github.com/docToolchain/Bausteinsicht/cmd/bausteinsicht/export_diagram.go:137.25,139.20 2 1
github.com/docToolchain/Bausteinsicht/cmd/bausteinsicht/export_diagram.go:139.20,141.4 1 0
github.com/docToolchain/Bausteinsicht/cmd/bausteinsicht/export_diagram.go:143.3,143.22 1 1
github.com/docToolchain/Bausteinsicht/cmd/bausteinsicht/export_diagram.go:143.22,145.12 2 1
github.com/docToolchain/Bausteinsicht/cmd/bausteinsicht/export_diagram.go:148.3,148.54 1 1
github.com/docToolchain/Bausteinsicht/cmd/bausteinsicht/export_diagram.go:148.54,150.4 1 0
github.com/docToolchain/Bausteinsicht/cmd/bausteinsicht/export_diagram.go:151.3,152.69 2 1
github.com/docToolchain/Bausteinsicht/cmd/bausteinsicht/export_diagram.go:152.69,154.4 1 0
github.com/docToolchain/Bausteinsicht/cmd/bausteinsicht/export_diagram.go:155.3,155.67 1 1
github.com/docToolchain/Bausteinsicht/cmd/bausteinsicht/export_diagram.go:158.2,158.12 1 1
github.com/docToolchain/Bausteinsicht/cmd/bausteinsicht/export_diagram.go:161.163,165.23 3 1
github.com/docToolchain/Bausteinsicht/cmd/bausteinsicht/export_diagram.go:166.13,168.14 2 1
github.com/docToolchain/Bausteinsicht/cmd/bausteinsicht/export_diagram.go:169.12,171.13 2 1
github.com/docToolchain/Bausteinsicht/cmd/bausteinsicht/export_diagram.go:172.14,174.15 2 1
github.com/docToolchain/Bausteinsicht/cmd/bausteinsicht/export_diagram.go:175.10,176.78 1 0
github.com/docToolchain/Bausteinsicht/cmd/bausteinsicht/export_diagram.go:180.2,180.28 1 1
github.com/docToolchain/Bausteinsicht/cmd/bausteinsicht/export_diagram.go:180.28,188.28 4 0
github.com/docToolchain/Bausteinsicht/cmd/bausteinsicht/export_diagram.go:188.28,190.21 2 0
github.com/docToolchain/Bausteinsicht/cmd/bausteinsicht/export_diagram.go:190.21,192.5 1 0
github.com/docToolchain/Bausteinsicht/cmd/bausteinsicht/export_diagram.go:193.4,197.6 1 0
github.com/docToolchain/Bausteinsicht/cmd/bausteinsicht/export_diagram.go:199.3,201.13 3 0
github.com/docToolchain/Bausteinsicht/cmd/bausteinsicht/export_diagram.go:205.2,205.29 1 1
github.com/docToolchain/Bausteinsicht/cmd/bausteinsicht/export_diagram.go:205.29,207.20 1 1
github.com/docToolchain/Bausteinsicht/cmd/bausteinsicht/export_diagram.go:207.20,210.18 2 1
github.com/docToolchain/Bausteinsicht/cmd/bausteinsicht/export_diagram.go:210.18,212.5 1 0
github.com/docToolchain/Bausteinsicht/cmd/bausteinsicht/export_diagram.go:214.4,214.23 1 1
github.com/docToolchain/Bausteinsicht/cmd/bausteinsicht/export_diagram.go:214.23,217.5 2 1
github.com/docToolchain/Bausteinsicht/cmd/bausteinsicht/export_diagram.go:219.4,219.55 1 0
github.com/docToolchain/Bausteinsicht/cmd/bausteinsicht/export_diagram.go:219.55,221.5 1 0
github.com/docToolchain/Bausteinsicht/cmd/bausteinsicht/export_diagram.go:223.4,224.70 2 0
github.com/docToolchain/Bausteinsicht/cmd/bausteinsicht/export_diagram.go:224.70,226.5 1 0
github.com/docToolchain/Bausteinsicht/cmd/bausteinsicht/export_diagram.go:227.4,228.14 2 0
github.com/docToolchain/Bausteinsicht/cmd/bausteinsicht/export_diagram.go:232.3,233.28 2 0
github.com/docToolchain/Bausteinsicht/cmd/bausteinsicht/export_diagram.go:233.28,235.18 2 0
github.com/docToolchain/Bausteinsicht/cmd/bausteinsicht/export_diagram.go:235.18,237.5 1 0
github.com/docToolchain/Bausteinsicht/cmd/bausteinsicht/export_diagram.go:239.4,239.23 1 0
github.com/docToolchain/Bausteinsicht/cmd/bausteinsicht/export_diagram.go:239.23,241.13 2 0
github.com/docToolchain/Bausteinsicht/cmd/bausteinsicht/export_diagram.go:244.4,244.55 1 0
github.com/docToolchain/Bausteinsicht/cmd/bausteinsicht/export_diagram.go:244.55,246.5 1 0
github.com/docToolchain/Bausteinsicht/cmd/bausteinsicht/export_diagram.go:248.4,249.70 2 0
github.com/docToolchain/Bausteinsicht/cmd/bausteinsicht/export_diagram.go:249.70,251.5 1 0
github.com/docToolchain/Bausteinsicht/cmd/bausteinsicht/export_diagram.go:252.4,252.68 1 0
github.com/docToolchain/Bausteinsicht/cmd/bausteinsicht/export_diagram.go:254.3,254.13 1 0
github.com/docToolchain/Bausteinsicht/cmd/bausteinsicht/export_diagram.go:258.2,259.27 2 1
github.com/docToolchain/Bausteinsicht/cmd/bausteinsicht/export_diagram.go:259.27,261.17 2 1
github.com/docToolchain/Bausteinsicht/cmd/bausteinsicht/export_diagram.go:261.17,263.4 1 0
github.com/docToolchain/Bausteinsicht/cmd/bausteinsicht/export_diagram.go:265.3,265.22 1 1
github.com/docToolchain/Bausteinsicht/cmd/bausteinsicht/export_diagram.go:265.22,267.12 2 1
github.com/docToolchain/Bausteinsicht/cmd/bausteinsicht/export_diagram.go:270.3,270.54 1 0
github.com/docToolchain/Bausteinsicht/cmd/bausteinsicht/export_diagram.go:270.54,272.4 1 0
github.com/docToolchain/Bausteinsicht/cmd/bausteinsicht/export_diagram.go:274.3,275.69 2 0
github.com/docToolchain/Bausteinsicht/cmd/bausteinsicht/export_diagram.go:275.69,277.4 1 0
github.com/docToolchain/Bausteinsicht/cmd/bausteinsicht/export_diagram.go:278.3,278.67 1 0
github.com/docToolchain/Bausteinsicht/cmd/bausteinsicht/export_diagram.go:281.2,281.12 1 1
github.com/docToolchain/Bausteinsicht/cmd/bausteinsicht/export_diagram.go:284.55,286.23 2 1
github.com/docToolchain/Bausteinsicht/cmd/bausteinsicht/export_diagram.go:286.23,288.3 1 1
github.com/docToolchain/Bausteinsicht/cmd/bausteinsicht/export_diagram.go:289.2,290.13 2 1
github.com/docToolchain/Bausteinsicht/cmd/bausteinsicht/export_sequence.go:15.44,26.2 5 1
github.com/docToolchain/Bausteinsicht/cmd/bausteinsicht/export_sequence.go:28.62,35.21 6 1
github.com/docToolchain/Bausteinsicht/cmd/bausteinsicht/export_sequence.go:35.21,36.60 1 1
github.com/docToolchain/Bausteinsicht/cmd/bausteinsicht/export_sequence.go:36.60,38.4 1 0
github.com/docToolchain/Bausteinsicht/cmd/bausteinsicht/export_sequence.go:41.2,41.21 1 1
github.com/docToolchain/Bausteinsicht/cmd/bausteinsicht/export_sequence.go:41.21,43.17 2 0
github.com/docToolchain/Bausteinsicht/cmd/bausteinsicht/export_sequence.go:43.17,45.4 1 0
github.com/docToolchain/Bausteinsicht/cmd/bausteinsicht/export_sequence.go:46.3,46.23 1 0
github.com/docToolchain/Bausteinsicht/cmd/bausteinsicht/export_sequence.go:49.2,50.16 2 1
github.com/docToolchain/Bausteinsicht/cmd/bausteinsicht/export_sequence.go:50.16,52.3 1 0
github.com/docToolchain/Bausteinsicht/cmd/bausteinsicht/export_sequence.go:54.2,55.23 2 1
github.com/docToolchain/Bausteinsicht/cmd/bausteinsicht/export_sequence.go:56.18,57.15 1 1
github.com/docToolchain/Bausteinsicht/cmd/bausteinsicht/export_sequence.go:58.17,59.13 1 1
github.com/docToolchain/Bausteinsicht/cmd/bausteinsicht/export_sequence.go:60.10,61.128 1 1
github.com/docToolchain/Bausteinsicht/cmd/bausteinsicht/export_sequence.go:65.2,66.19 2 1
github.com/docToolchain/Bausteinsicht/cmd/bausteinsicht/export_sequence.go:66.19,68.33 2 1
github.com/docToolchain/Bausteinsicht/cmd/bausteinsicht/export_sequence.go:68.33,69.40 1 1
github.com/docToolchain/Bausteinsicht/cmd/bausteinsicht/export_sequence.go:69.40,71.10 2 1
github.com/docToolchain/Bausteinsicht/cmd/bausteinsicht/export_sequence.go:74.3,74.19 1 1
github.com/docToolchain/Bausteinsicht/cmd/bausteinsicht/export_sequence.go:74.19,76.4 1 1
github.com/docToolchain/Bausteinsicht/cmd/bausteinsicht/export_sequence.go:77.3,77.38 1 1
github.com/docToolchain/Bausteinsicht/cmd/bausteinsicht/export_sequence.go:80.2,80.21 1 1
github.com/docToolchain/Bausteinsicht/cmd/bausteinsicht/export_sequence.go:80.21,83.3 2 1
github.com/docToolchain/Bausteinsicht/cmd/bausteinsicht/export_sequence.go:85.2,86.16 2 1
github.com/docToolchain/Bausteinsicht/cmd/bausteinsicht/export_sequence.go:86.16,88.3 1 0
github.com/docToolchain/Bausteinsicht/cmd/bausteinsicht/export_sequence.go:90.2,90.45 1 1
github.com/docToolchain/Bausteinsicht/cmd/bausteinsicht/export_sequence.go:90.45,91.33 1 1
github.com/docToolchain/Bausteinsicht/cmd/bausteinsicht/export_sequence.go:91.33,93.4 1 1
github.com/docToolchain/Bausteinsicht/cmd/bausteinsicht/export_sequence.go:94.3,94.49 1 1
github.com/docToolchain/Bausteinsicht/cmd/bausteinsicht/export_sequence.go:98.2,98.22 1 1
github.com/docToolchain/Bausteinsicht/cmd/bausteinsicht/export_sequence.go:98.22,105.27 3 1
github.com/docToolchain/Bausteinsicht/cmd/bausteinsicht/export_sequence.go:105.27,107.4 1 1
github.com/docToolchain/Bausteinsicht/cmd/bausteinsicht/export_sequence.go:108.3,110.13 3 1
github.com/docToolchain/Bausteinsicht/cmd/bausteinsicht/export_sequence.go:114.2,114.26 1 1
github.com/docToolchain/Bausteinsicht/cmd/bausteinsicht/export_sequence.go:114.26,117.22 2 1
github.com/docToolchain/Bausteinsicht/cmd/bausteinsicht/export_sequence.go:117.22,119.12 2 1
github.com/docToolchain/Bausteinsicht/cmd/bausteinsicht/export_sequence.go:122.3,122.54 1 1
github.com/docToolchain/Bausteinsicht/cmd/bausteinsicht/export_sequence.go:122.54,124.4 1 0
github.com/docToolchain/Bausteinsicht/cmd/bausteinsicht/export_sequence.go:125.3,127.69 3 1
github.com/docToolchain/Bausteinsicht/cmd/bausteinsicht/export_sequence.go:127.69,129.4 1 0
github.com/docToolchain/Bausteinsicht/cmd/bausteinsicht/export_sequence.go:130.3,130.67 1 1
github.com/docToolchain/Bausteinsicht/cmd/bausteinsicht/export_sequence.go:133.2,133.12 1 1
github.com/docToolchain/Bausteinsicht/cmd/bausteinsicht/export_table.go:15.41,29.2 6 1
github.com/docToolchain/Bausteinsicht/cmd/bausteinsicht/export_table.go:31.59,39.21 7 1
github.com/docToolchain/Bausteinsicht/cmd/bausteinsicht/export_table.go:39.21,40.60 1 1
github.com/docToolchain/Bausteinsicht/cmd/bausteinsicht/export_table.go:40.60,42.4 1 0
github.com/docToolchain/Bausteinsicht/cmd/bausteinsicht/export_table.go:45.2,45.21 1 1
github.com/docToolchain/Bausteinsicht/cmd/bausteinsicht/export_table.go:45.21,47.17 2 0
github.com/docToolchain/Bausteinsicht/cmd/bausteinsicht/export_table.go:47.17,49.4 1 0
github.com/docToolchain/Bausteinsicht/cmd/bausteinsicht/export_table.go:50.3,50.23 1 0
github.com/docToolchain/Bausteinsicht/cmd/bausteinsicht/export_table.go:53.2,54.16 2 1
github.com/docToolchain/Bausteinsicht/cmd/bausteinsicht/export_table.go:54.16,56.3 1 0
github.com/docToolchain/Bausteinsicht/cmd/bausteinsicht/export_table.go:59.2,59.22 1 1
github.com/docToolchain/Bausteinsicht/cmd/bausteinsicht/export_table.go:59.22,61.3 1 0
github.com/docToolchain/Bausteinsicht/cmd/bausteinsicht/export_table.go:63.2,64.21 2 1
github.com/docToolchain/Bausteinsicht/cmd/bausteinsicht/export_table.go:65.14,66.21 1 1
github.com/docToolchain/Bausteinsicht/cmd/bausteinsicht/export_table.go:67.12,68.21 1 1
github.com/docToolchain/Bausteinsicht/cmd/bausteinsicht/export_table.go:69.10,70.115 1 1
github.com/docToolchain/Bausteinsicht/cmd/bausteinsicht/export_table.go:73.2,76.9 3 1
github.com/docToolchain/Bausteinsicht/cmd/bausteinsicht/export_table.go:77.16,79.39 2 1
github.com/docToolchain/Bausteinsicht/cmd/bausteinsicht/export_table.go:80.21,82.70 2 1
github.com/docToolchain/Bausteinsicht/cmd/bausteinsicht/export_table.go:83.10,85.49 2 1
github.com/docToolchain/Bausteinsicht/cmd/bausteinsicht/export_table.go:87.2,87.16 1 1
github.com/docToolchain/Bausteinsicht/cmd/bausteinsicht/export_table.go:87.16,89.3 1 1
github.com/docToolchain/Bausteinsicht/cmd/bausteinsicht/export_table.go:91.2,91.21 1 1
github.com/docToolchain/Bausteinsicht/cmd/bausteinsicht/export_table.go:91.21,94.3 2 1
github.com/docToolchain/Bausteinsicht/cmd/bausteinsicht/export_table.go:96.2,97.53 2 1
github.com/docToolchain/Bausteinsicht/cmd/bausteinsicht/export_table.go:97.53,99.3 1 0
github.com/docToolchain/Bausteinsicht/cmd/bausteinsicht/export_table.go:100.2,100.68 1 1
github.com/docToolchain/Bausteinsicht/cmd/bausteinsicht/export_table.go:100.68,102.3 1 0
github.com/docToolchain/Bausteinsicht/cmd/bausteinsicht/export_table.go:104.2,105.12 2 1
github.com/docToolchain/Bausteinsicht/cmd/bausteinsicht/export_table.go:109.108,111.16 2 0
github.com/docToolchain/Bausteinsicht/cmd/bausteinsicht/export_table.go:111.16,113.3 1 0
github.com/docToolchain/Bausteinsicht/cmd/bausteinsicht/export_table.go:114.2,115.16 2 0
github.com/docToolchain/Bausteinsicht/cmd/bausteinsicht/export_table.go:115.16,117.3 1 0
github.com/docToolchain/Bausteinsicht/cmd/bausteinsicht/export_table.go:118.2,119.12 2 0
github.com/docToolchain/Bausteinsicht/cmd/bausteinsicht/find.go:13.34,30.2 3 1
github.com/docToolchain/Bausteinsicht/cmd/bausteinsicht/find.go:32.55,38.21 5 1
github.com/docToolchain/Bausteinsicht/cmd/bausteinsicht/find.go:38.21,40.17 2 0
github.com/docToolchain/Bausteinsicht/cmd/bausteinsicht/find.go:40.17,42.4 1 0
github.com/docToolchain/Bausteinsicht/cmd/bausteinsicht/find.go:43.3,43.23 1 0
github.com/docToolchain/Bausteinsicht/cmd/bausteinsicht/find.go:46.2,47.16 2 1
github.com/docToolchain/Bausteinsicht/cmd/bausteinsicht/find.go:47.16,49.3 1 0
github.com/docToolchain/Bausteinsicht/cmd/bausteinsicht/find.go:51.2,52.18 2 1
github.com/docToolchain/Bausteinsicht/cmd/bausteinsicht/find.go:53.17,54.35 1 1
github.com/docToolchain/Bausteinsicht/cmd/bausteinsicht/find.go:55.22,56.40 1 0
github.com/docToolchain/Bausteinsicht/cmd/bausteinsicht/find.go:57.14,58.32 1 0
github.com/docToolchain/Bausteinsicht/cmd/bausteinsicht/find.go:59.17,59.17 0 1
github.com/docToolchain/Bausteinsicht/cmd/bausteinsicht/find.go:61.10,62.109 1 1
github.com/docToolchain/Bausteinsicht/cmd/bausteinsicht/find.go:65.2,67.22 2 1
github.com/docToolchain/Bausteinsicht/cmd/bausteinsicht/find.go:67.22,69.17 2 1
github.com/docToolchain/Bausteinsicht/cmd/bausteinsicht/find.go:69.17,71.4 1 0
github.com/docToolchain/Bausteinsicht/cmd/bausteinsicht/find.go:72.3,73.13 2 1
github.com/docToolchain/Bausteinsicht/cmd/bausteinsicht/find.go:76.2,76.33 1 1
github.com/docToolchain/Bausteinsicht/cmd/bausteinsicht/find.go:79.68,81.21 2 1
github.com/docToolchain/Bausteinsicht/cmd/bausteinsicht/find.go:81.21,84.3 2 1
github.com/docToolchain/Bausteinsicht/cmd/bausteinsicht/find.go:86.2,87.21 2 1
github.com/docToolchain/Bausteinsicht/cmd/bausteinsicht/find.go:87.21,89.3 1 1
github.com/docToolchain/Bausteinsicht/cmd/bausteinsicht/find.go:90.2,91.53 2 1
github.com/docToolchain/Bausteinsicht/cmd/bausteinsicht/find.go:91.53,93.3 1 0
github.com/docToolchain/Bausteinsicht/cmd/bausteinsicht/find.go:94.2,94.79 1 1
github.com/docToolchain/Bausteinsicht/cmd/bausteinsicht/find.go:94.79,96.3 1 0
github.com/docToolchain/Bausteinsicht/cmd/bausteinsicht/find.go:97.2,97.45 1 1
github.com/docToolchain/Bausteinsicht/cmd/bausteinsicht/find.go:97.45,99.3 1 0
github.com/docToolchain/Bausteinsicht/cmd/bausteinsicht/find.go:102.2,103.33 2 1
github.com/docToolchain/Bausteinsicht/cmd/bausteinsicht/find.go:103.33,104.17 1 1
github.com/docToolchain/Bausteinsicht/cmd/bausteinsicht/find.go:105.29,106.34 1 1
github.com/docToolchain/Bausteinsicht/cmd/bausteinsicht/find.go:107.34,108.44 1 1
github.com/docToolchain/Bausteinsicht/cmd/bausteinsicht/find.go:109.26,110.28 1 1
github.com/docToolchain/Bausteinsicht/cmd/bausteinsicht/find.go:114.2,114.23 1 1
github.com/docToolchain/Bausteinsicht/cmd/bausteinsicht/find.go:114.23,115.80 1 1
github.com/docToolchain/Bausteinsicht/cmd/bausteinsicht/find.go:115.80,117.4 1 0
github.com/docToolchain/Bausteinsicht/cmd/bausteinsicht/find.go:118.3,118.30 1 1
github.com/docToolchain/Bausteinsicht/cmd/bausteinsicht/find.go:118.30,120.26 2 1
github.com/docToolchain/Bausteinsicht/cmd/bausteinsicht/find.go:120.26,122.5 1 1
github.com/docToolchain/Bausteinsicht/cmd/bausteinsicht/find.go:123.4,124.75 1 1
github.com/docToolchain/Bausteinsicht/cmd/bausteinsicht/find.go:124.75,126.5 1 0
github.com/docToolchain/Bausteinsicht/cmd/bausteinsicht/find.go:128.3,128.46 1 1
github.com/docToolchain/Bausteinsicht/cmd/bausteinsicht/find.go:128.46,130.4 1 0
github.com/docToolchain/Bausteinsicht/cmd/bausteinsicht/find.go:133.2,133.28 1 1
github.com/docToolchain/Bausteinsicht/cmd/bausteinsicht/find.go:133.28,134.90 1 1
github.com/docToolchain/Bausteinsicht/cmd/bausteinsicht/find.go:134.90,136.4 1 0
github.com/docToolchain/Bausteinsicht/cmd/bausteinsicht/find.go:137.3,137.35 1 1
github.com/docToolchain/Bausteinsicht/cmd/bausteinsicht/find.go:137.35,139.21 2 1
github.com/docToolchain/Bausteinsicht/cmd/bausteinsicht/find.go:139.21,141.5 1 1
github.com/docToolchain/Bausteinsicht/cmd/bausteinsicht/find.go:142.4,143.53 1 1
github.com/docToolchain/Bausteinsicht/cmd/bausteinsicht/find.go:143.53,145.5 1 0
github.com/docToolchain/Bausteinsicht/cmd/bausteinsicht/find.go:147.3,147.46 1 1
github.com/docToolchain/Bausteinsicht/cmd/bausteinsicht/find.go:147.46,149.4 1 0
github.com/docToolchain/Bausteinsicht/cmd/bausteinsicht/find.go:152.2,152.20 1 1
github.com/docToolchain/Bausteinsicht/cmd/bausteinsicht/find.go:152.20,153.74 1 1
github.com/docToolchain/Bausteinsicht/cmd/bausteinsicht/find.go:153.74,155.4 1 0
github.com/docToolchain/Bausteinsicht/cmd/bausteinsicht/find.go:156.3,156.27 1 1
github.com/docToolchain/Bausteinsicht/cmd/bausteinsicht/find.go:156.27,158.60 1 1
github.com/docToolchain/Bausteinsicht/cmd/bausteinsicht/find.go:158.60,160.5 1 0
github.com/docToolchain/Bausteinsicht/cmd/bausteinsicht/find.go:162.3,162.46 1 1
github.com/docToolchain/Bausteinsicht/cmd/bausteinsicht/find.go:162.46,164.4 1 0
github.com/docToolchain/Bausteinsicht/cmd/bausteinsicht/find.go:167.2,167.12 1 1
github.com/docToolchain/Bausteinsicht/cmd/bausteinsicht/generate_template.go:13.46,26.2 5 1
github.com/docToolchain/Bausteinsicht/cmd/bausteinsicht/generate_template.go:28.64,34.60 4 1
github.com/docToolchain/Bausteinsicht/cmd/bausteinsicht/generate_template.go:34.60,36.3 1 0
github.com/docToolchain/Bausteinsicht/cmd/bausteinsicht/generate_template.go:39.2,39.21 1 1
github.com/docToolchain/Bausteinsicht/cmd/bausteinsicht/generate_template.go:39.21,41.17 2 1
github.com/docToolchain/Bausteinsicht/cmd/bausteinsicht/generate_template.go:41.17,43.4 1 0
github.com/docToolchain/Bausteinsicht/cmd/bausteinsicht/generate_template.go:44.3,44.23 1 1
github.com/docToolchain/Bausteinsicht/cmd/bausteinsicht/generate_template.go:48.2,49.16 2 1
github.com/docToolchain/Bausteinsicht/cmd/bausteinsicht/generate_template.go:49.16,51.3 1 0
github.com/docToolchain/Bausteinsicht/cmd/bausteinsicht/generate_template.go:54.2,60.25 2 1
github.com/docToolchain/Bausteinsicht/cmd/bausteinsicht/generate_template.go:60.25,62.3 1 1
github.com/docToolchain/Bausteinsicht/cmd/bausteinsicht/generate_template.go:65.2,70.41 4 1
github.com/docToolchain/Bausteinsicht/cmd/bausteinsicht/generate_template.go:70.41,71.54 1 1
github.com/docToolchain/Bausteinsicht/cmd/bausteinsicht/generate_template.go:71.54,73.4 1 0
github.com/docToolchain/Bausteinsicht/cmd/bausteinsicht/generate_template.go:76.2,76.76 1 1
github.com/docToolchain/Bausteinsicht/cmd/bausteinsicht/generate_template.go:76.76,78.3 1 0
github.com/docToolchain/Bausteinsicht/cmd/bausteinsicht/generate_template.go:80.2,81.12 2 1
github.com/docToolchain/Bausteinsicht/cmd/bausteinsicht/import.go:15.36,41.2 7 1
github.com/docToolchain/Bausteinsicht/cmd/bausteinsicht/import.go:43.57,51.47 7 1
github.com/docToolchain/Bausteinsicht/cmd/bausteinsicht/import.go:51.47,53.3 1 1
github.com/docToolchain/Bausteinsicht/cmd/bausteinsicht/import.go:55.2,55.59 1 1
github.com/docToolchain/Bausteinsicht/cmd/bausteinsicht/import.go:55.59,57.3 1 0
github.com/docToolchain/Bausteinsicht/cmd/bausteinsicht/import.go:58.2,58.60 1 1
github.com/docToolchain/Bausteinsicht/cmd/bausteinsicht/import.go:58.60,60.3 1 0
github.com/docToolchain/Bausteinsicht/cmd/bausteinsicht/import.go:62.2,62.23 1 1
github.com/docToolchain/Bausteinsicht/cmd/bausteinsicht/import.go:62.23,63.48 1 1
github.com/docToolchain/Bausteinsicht/cmd/bausteinsicht/import.go:63.48,68.4 1 1
github.com/docToolchain/Bausteinsicht/cmd/bausteinsicht/import.go:71.2,76.14 2 1
github.com/docToolchain/Bausteinsicht/cmd/bausteinsicht/import.go:77.21,79.17 2 1
github.com/docToolchain/Bausteinsicht/cmd/bausteinsicht/import.go:79.17,81.4 1 1
github.com/docToolchain/Bausteinsicht/cmd/bausteinsicht/import.go:82.3,82.48 1 1
github.com/docToolchain/Bausteinsicht/cmd/bausteinsicht/import.go:83.16,85.17 2 1
github.com/docToolchain/Bausteinsicht/cmd/bausteinsicht/import.go:85.17,87.4 1 0
github.com/docToolchain/Bausteinsicht/cmd/bausteinsicht/import.go:88.3,88.48 1 1
github.com/docToolchain/Bausteinsicht/cmd/bausteinsicht/import.go:91.2,92.16 2 1
github.com/docToolchain/Bausteinsicht/cmd/bausteinsicht/import.go:92.16,94.3 1 0
github.com/docToolchain/Bausteinsicht/cmd/bausteinsicht/import.go:96.2,96.12 1 1
github.com/docToolchain/Bausteinsicht/cmd/bausteinsicht/import.go:96.12,97.74 1 1
github.com/docToolchain/Bausteinsicht/cmd/bausteinsicht/import.go:97.74,99.4 1 0
github.com/docToolchain/Bausteinsicht/cmd/bausteinsicht/import.go:100.8,101.70 1 1
github.com/docToolchain/Bausteinsicht/cmd/bausteinsicht/import.go:101.70,103.4 1 0
github.com/docToolchain/Bausteinsicht/cmd/bausteinsicht/import.go:104.3,104.77 1 1
github.com/docToolchain/Bausteinsicht/cmd/bausteinsicht/import.go:104.77,106.4 1 0
github.com/docToolchain/Bausteinsicht/cmd/bausteinsicht/import.go:107.3,107.105 1 1
github.com/docToolchain/Bausteinsicht/cmd/bausteinsicht/import.go:107.105,109.4 1 0
github.com/docToolchain/Bausteinsicht/cmd/bausteinsicht/import.go:112.2,112.29 1 1
github.com/docToolchain/Bausteinsicht/cmd/bausteinsicht/import.go:112.29,113.79 1 0
github.com/docToolchain/Bausteinsicht/cmd/bausteinsicht/import.go:113.79,115.4 1 0
github.com/docToolchain/Bausteinsicht/cmd/bausteinsicht/import.go:118.2,118.12 1 1
github.com/docToolchain/Bausteinsicht/cmd/bausteinsicht/init.go:25.34,34.2 3 1
github.com/docToolchain/Bausteinsicht/cmd/bausteinsicht/init.go:36.52,41.87 3 1
github.com/docToolchain/Bausteinsicht/cmd/bausteinsicht/init.go:41.87,42.42 1 1
github.com/docToolchain/Bausteinsicht/cmd/bausteinsicht/init.go:42.42,47.4 1 1
github.com/docToolchain/Bausteinsicht/cmd/bausteinsicht/init.go:51.2,51.84 1 1
github.com/docToolchain/Bausteinsicht/cmd/bausteinsicht/init.go:51.84,53.3 1 0
github.com/docToolchain/Bausteinsicht/cmd/bausteinsicht/init.go:56.2,57.16 2 1
github.com/docToolchain/Bausteinsicht/cmd/bausteinsicht/init.go:57.16,59.3 1 0
github.com/docToolchain/Bausteinsicht/cmd/bausteinsicht/init.go:62.2,63.22 2 1
github.com/docToolchain/Bausteinsicht/cmd/bausteinsicht/init.go:63.22,67.3 3 1
github.com/docToolchain/Bausteinsicht/cmd/bausteinsicht/init.go:67.8,69.3 1 1
github.com/docToolchain/Bausteinsicht/cmd/bausteinsicht/init.go:72.2,72.76 1 1
github.com/docToolchain/Bausteinsicht/cmd/bausteinsicht/init.go:72.76,74.3 1 0
github.com/docToolchain/Bausteinsicht/cmd/bausteinsicht/init.go:77.2,78.16 2 1
github.com/docToolchain/Bausteinsicht/cmd/bausteinsicht/init.go:78.16,80.3 1 0
github.com/docToolchain/Bausteinsicht/cmd/bausteinsicht/init.go:83.2,90.36 3 1
github.com/docToolchain/Bausteinsicht/cmd/bausteinsicht/init.go:90.36,92.3 1 1
github.com/docToolchain/Bausteinsicht/cmd/bausteinsicht/init.go:97.2,104.68 3 1
github.com/docToolchain/Bausteinsicht/cmd/bausteinsicht/init.go:104.68,106.3 1 0
github.com/docToolchain/Bausteinsicht/cmd/bausteinsicht/init.go:109.2,112.16 4 1
github.com/docToolchain/Bausteinsicht/cmd/bausteinsicht/init.go:112.16,114.3 1 0
github.com/docToolchain/Bausteinsicht/cmd/bausteinsicht/init.go:115.2,115.65 1 1
github.com/docToolchain/Bausteinsicht/cmd/bausteinsicht/init.go:115.65,117.3 1 0
github.com/docToolchain/Bausteinsicht/cmd/bausteinsicht/init.go:120.2,122.22 2 1
github.com/docToolchain/Bausteinsicht/cmd/bausteinsicht/init.go:122.22,129.3 3 1
github.com/docToolchain/Bausteinsicht/cmd/bausteinsicht/init.go:129.8,131.34 2 1
github.com/docToolchain/Bausteinsicht/cmd/bausteinsicht/init.go:131.34,133.4 1 1
github.com/docToolchain/Bausteinsicht/cmd/bausteinsicht/init.go:134.3,138.78 5 1
github.com/docToolchain/Bausteinsicht/cmd/bausteinsicht/init.go:141.2,141.12 1 1
github.com/docToolchain/Bausteinsicht/cmd/bausteinsicht/lint.go:12.34,21.2 1 1
github.com/docToolchain/Bausteinsicht/cmd/bausteinsicht/lint.go:23.52,27.21 3 1
github.com/docToolchain/Bausteinsicht/cmd/bausteinsicht/lint.go:27.21,29.17 2 0
github.com/docToolchain/Bausteinsicht/cmd/bausteinsicht/lint.go:29.17,31.4 1 0
github.com/docToolchain/Bausteinsicht/cmd/bausteinsicht/lint.go:32.3,32.23 1 0
github.com/docToolchain/Bausteinsicht/cmd/bausteinsicht/lint.go:35.2,36.16 2 1
github.com/docToolchain/Bausteinsicht/cmd/bausteinsicht/lint.go:36.16,38.3 1 1
github.com/docToolchain/Bausteinsicht/cmd/bausteinsicht/lint.go:40.2,40.29 1 1
github.com/docToolchain/Bausteinsicht/cmd/bausteinsicht/lint.go:40.29,41.87 1 1
github.com/docToolchain/Bausteinsicht/cmd/bausteinsicht/lint.go:41.87,43.4 1 0
github.com/docToolchain/Bausteinsicht/cmd/bausteinsicht/lint.go:44.3,44.13 1 1
github.com/docToolchain/Bausteinsicht/cmd/bausteinsicht/lint.go:47.2,49.22 2 1
github.com/docToolchain/Bausteinsicht/cmd/bausteinsicht/lint.go:49.22,51.3 1 1
github.com/docToolchain/Bausteinsicht/cmd/bausteinsicht/lint.go:52.2,52.36 1 1
github.com/docToolchain/Bausteinsicht/cmd/bausteinsicht/lint.go:55.69,67.27 3 1
github.com/docToolchain/Bausteinsicht/cmd/bausteinsicht/lint.go:67.27,69.3 1 1
github.com/docToolchain/Bausteinsicht/cmd/bausteinsicht/lint.go:71.2,72.16 2 1
github.com/docToolchain/Bausteinsicht/cmd/bausteinsicht/lint.go:72.16,74.3 1 0
github.com/docToolchain/Bausteinsicht/cmd/bausteinsicht/lint.go:75.2,75.73 1 1
github.com/docToolchain/Bausteinsicht/cmd/bausteinsicht/lint.go:75.73,77.3 1 0
github.com/docToolchain/Bausteinsicht/cmd/bausteinsicht/lint.go:78.2,78.17 1 1
github.com/docToolchain/Bausteinsicht/cmd/bausteinsicht/lint.go:78.17,80.3 1 1
github.com/docToolchain/Bausteinsicht/cmd/bausteinsicht/lint.go:81.2,81.12 1 1
github.com/docToolchain/Bausteinsicht/cmd/bausteinsicht/lint.go:84.69,85.18 1 1
github.com/docToolchain/Bausteinsicht/cmd/bausteinsicht/lint.go:85.18,88.3 2 1
github.com/docToolchain/Bausteinsicht/cmd/bausteinsicht/lint.go:90.2,90.33 1 1
github.com/docToolchain/Bausteinsicht/cmd/bausteinsicht/lint.go:90.33,91.110 1 1
github.com/docToolchain/Bausteinsicht/cmd/bausteinsicht/lint.go:91.110,93.4 1 0
github.com/docToolchain/Bausteinsicht/cmd/bausteinsicht/lint.go:94.3,94.33 1 1
github.com/docToolchain/Bausteinsicht/cmd/bausteinsicht/lint.go:94.33,95.76 1 1
github.com/docToolchain/Bausteinsicht/cmd/bausteinsicht/lint.go:95.76,97.5 1 0
github.com/docToolchain/Bausteinsicht/cmd/bausteinsicht/lint.go:101.2,101.76 1 1
github.com/docToolchain/Bausteinsicht/cmd/bausteinsicht/main.go:7.13,10.45 2 0
github.com/docToolchain/Bausteinsicht/cmd/bausteinsicht/main.go:10.45,11.36 1 0
github.com/docToolchain/Bausteinsicht/cmd/bausteinsicht/main.go:11.36,13.4 1 0
github.com/docToolchain/Bausteinsicht/cmd/bausteinsicht/main.go:14.3,14.13 1 0
github.com/docToolchain/Bausteinsicht/cmd/bausteinsicht/root.go:13.34,18.68 1 1
github.com/docToolchain/Bausteinsicht/cmd/bausteinsicht/root.go:18.68,21.60 3 1
github.com/docToolchain/Bausteinsicht/cmd/bausteinsicht/root.go:21.60,23.5 1 1
github.com/docToolchain/Bausteinsicht/cmd/bausteinsicht/root.go:25.4,29.69 3 1
github.com/docToolchain/Bausteinsicht/cmd/bausteinsicht/root.go:29.69,31.5 1 1
github.com/docToolchain/Bausteinsicht/cmd/bausteinsicht/root.go:34.4,35.23 2 1
github.com/docToolchain/Bausteinsicht/cmd/bausteinsicht/root.go:35.23,36.62 1 1
github.com/docToolchain/Bausteinsicht/cmd/bausteinsicht/root.go:36.62,38.6 1 1
github.com/docToolchain/Bausteinsicht/cmd/bausteinsicht/root.go:40.4,40.26 1 1
github.com/docToolchain/Bausteinsicht/cmd/bausteinsicht/root.go:40.26,41.65 1 1
github.com/docToolchain/Bausteinsicht/cmd/bausteinsicht/root.go:41.65,43.6 1 1
github.com/docToolchain/Bausteinsicht/cmd/bausteinsicht/root.go:46.4,46.14 1 1
github.com/docToolchain/Bausteinsicht/cmd/bausteinsicht/root.go:50.2,72.16 21 1
github.com/docToolchain/Bausteinsicht/cmd/bausteinsicht/root.go:80.36,80.60 1 1
github.com/docToolchain/Bausteinsicht/cmd/bausteinsicht/root.go:82.51,84.2 1 1
github.com/docToolchain/Bausteinsicht/cmd/bausteinsicht/root.go:89.49,91.79 2 1
github.com/docToolchain/Bausteinsicht/cmd/bausteinsicht/root.go:91.79,92.24 1 1
github.com/docToolchain/Bausteinsicht/cmd/bausteinsicht/root.go:92.24,94.4 1 1
github.com/docToolchain/Bausteinsicht/cmd/bausteinsicht/root.go:96.2,96.12 1 1
github.com/docToolchain/Bausteinsicht/cmd/bausteinsicht/root.go:101.44,105.16 4 1
github.com/docToolchain/Bausteinsicht/cmd/bausteinsicht/root.go:105.16,107.3 1 0
github.com/docToolchain/Bausteinsicht/cmd/bausteinsicht/root.go:108.2,110.35 3 1
github.com/docToolchain/Bausteinsicht/cmd/bausteinsicht/root.go:110.35,112.3 1 1
github.com/docToolchain/Bausteinsicht/cmd/bausteinsicht/root.go:113.2,113.22 1 1
github.com/docToolchain/Bausteinsicht/cmd/bausteinsicht/root.go:113.22,119.3 2 1
github.com/docToolchain/Bausteinsicht/cmd/bausteinsicht/root.go:119.8,121.3 1 1
github.com/docToolchain/Bausteinsicht/cmd/bausteinsicht/root.go:122.2,122.12 1 1
github.com/docToolchain/Bausteinsicht/cmd/bausteinsicht/show.go:13.34,26.2 1 1
github.com/docToolchain/Bausteinsicht/cmd/bausteinsicht/show.go:54.55,59.21 4 1
github.com/docToolchain/Bausteinsicht/cmd/bausteinsicht/show.go:59.21,61.17 2 0
github.com/docToolchain/Bausteinsicht/cmd/bausteinsicht/show.go:61.17,63.4 1 0
github.com/docToolchain/Bausteinsicht/cmd/bausteinsicht/show.go:64.3,64.23 1 0
github.com/docToolchain/Bausteinsicht/cmd/bausteinsicht/show.go:67.2,68.16 2 1
github.com/docToolchain/Bausteinsicht/cmd/bausteinsicht/show.go:68.16,70.3 1 0
github.com/docToolchain/Bausteinsicht/cmd/bausteinsicht/show.go:72.2,73.16 2 1
github.com/docToolchain/Bausteinsicht/cmd/bausteinsicht/show.go:73.16,75.3 1 0
github.com/docToolchain/Bausteinsicht/cmd/bausteinsicht/show.go:77.2,78.9 2 1
github.com/docToolchain/Bausteinsicht/cmd/bausteinsicht/show.go:78.9,80.3 1 1
github.com/docToolchain/Bausteinsicht/cmd/bausteinsicht/show.go:82.2,83.38 2 1
github.com/docToolchain/Bausteinsicht/cmd/bausteinsicht/show.go:83.38,84.28 1 1
github.com/docToolchain/Bausteinsicht/cmd/bausteinsicht/show.go:84.28,86.4 1 1
github.com/docToolchain/Bausteinsicht/cmd/bausteinsicht/show.go:86.9,86.33 1 1
github.com/docToolchain/Bausteinsicht/cmd/bausteinsicht/show.go:86.33,88.4 1 1
github.com/docToolchain/Bausteinsicht/cmd/bausteinsicht/show.go:90.2,90.39 1 1
github.com/docToolchain/Bausteinsicht/cmd/bausteinsicht/show.go:90.39,92.3 1 0
github.com/docToolchain/Bausteinsicht/cmd/bausteinsicht/show.go:94.2,95.33 2 1
github.com/docToolchain/Bausteinsicht/cmd/bausteinsicht/show.go:95.33,96.36 1 1
github.com/docToolchain/Bausteinsicht/cmd/bausteinsicht/show.go:96.36,98.102 2 1
github.com/docToolchain/Bausteinsicht/cmd/bausteinsicht/show.go:98.102,100.10 2 1
github.com/docToolchain/Bausteinsicht/cmd/bausteinsicht/show.go:104.2,106.22 2 1
github.com/docToolchain/Bausteinsicht/cmd/bausteinsicht/show.go:106.22,108.3 1 1
github.com/docToolchain/Bausteinsicht/cmd/bausteinsicht/show.go:109.2,109.60 1 1
github.com/docToolchain/Bausteinsicht/cmd/bausteinsicht/show.go:112.118,124.22 2 1
github.com/docToolchain/Bausteinsicht/cmd/bausteinsicht/show.go:124.22,126.3 1 0
github.com/docToolchain/Bausteinsicht/cmd/bausteinsicht/show.go:127.2,127.25 1 1
github.com/docToolchain/Bausteinsicht/cmd/bausteinsicht/show.go:127.25,129.3 1 1
github.com/docToolchain/Bausteinsicht/cmd/bausteinsicht/show.go:130.2,131.16 2 1
github.com/docToolchain/Bausteinsicht/cmd/bausteinsicht/show.go:131.16,133.3 1 0
github.com/docToolchain/Bausteinsicht/cmd/bausteinsicht/show.go:134.2,135.12 2 1
github.com/docToolchain/Bausteinsicht/cmd/bausteinsicht/show.go:138.118,141.51 3 1
github.com/docToolchain/Bausteinsicht/cmd/bausteinsicht/show.go:141.51,143.3 1 0
github.com/docToolchain/Bausteinsicht/cmd/bausteinsicht/show.go:144.2,144.77 1 1
github.com/docToolchain/Bausteinsicht/cmd/bausteinsicht/show.go:144.77,146.3 1 0
github.com/docToolchain/Bausteinsicht/cmd/bausteinsicht/show.go:148.2,148.48 1 1
github.com/docToolchain/Bausteinsicht/cmd/bausteinsicht/show.go:148.48,149.18 1 1
github.com/docToolchain/Bausteinsicht/cmd/bausteinsicht/show.go:149.18,151.4 1 1
github.com/docToolchain/Bausteinsicht/cmd/bausteinsicht/show.go:152.3,153.13 2 1
github.com/docToolchain/Bausteinsicht/cmd/bausteinsicht/show.go:156.2,156.54 1 1
github.com/docToolchain/Bausteinsicht/cmd/bausteinsicht/show.go:156.54,158.3 1 0
github.com/docToolchain/Bausteinsicht/cmd/bausteinsicht/show.go:159.2,159.56 1 1
github.com/docToolchain/Bausteinsicht/cmd/bausteinsicht/show.go:159.56,161.3 1 0
github.com/docToolchain/Bausteinsicht/cmd/bausteinsicht/show.go:162.2,162.68 1 1
github.com/docToolchain/Bausteinsicht/cmd/bausteinsicht/show.go:162.68,164.3 1 0
github.com/docToolchain/Bausteinsicht/cmd/bausteinsicht/show.go:165.2,165.66 1 1
github.com/docToolchain/Bausteinsicht/cmd/bausteinsicht/show.go:165.66,167.3 1 0
github.com/docToolchain/Bausteinsicht/cmd/bausteinsicht/show.go:168.2,168.24 1 1
github.com/docToolchain/Bausteinsicht/cmd/bausteinsicht/show.go:168.24,169.83 1 0
github.com/docToolchain/Bausteinsicht/cmd/bausteinsicht/show.go:169.83,171.4 1 0
github.com/docToolchain/Bausteinsicht/cmd/bausteinsicht/show.go:173.2,173.34 1 1
github.com/docToolchain/Bausteinsicht/cmd/bausteinsicht/show.go:173.34,174.42 1 0
github.com/docToolchain/Bausteinsicht/cmd/bausteinsicht/show.go:174.42,176.4 1 0
github.com/docToolchain/Bausteinsicht/cmd/bausteinsicht/show.go:179.2,179.19 1 1
github.com/docToolchain/Bausteinsicht/cmd/bausteinsicht/show.go:179.19,180.64 1 1
github.com/docToolchain/Bausteinsicht/cmd/bausteinsicht/show.go:180.64,182.4 1 0
github.com/docToolchain/Bausteinsicht/cmd/bausteinsicht/show.go:183.3,183.26 1 1
github.com/docToolchain/Bausteinsicht/cmd/bausteinsicht/show.go:183.26,185.21 2 1
github.com/docToolchain/Bausteinsicht/cmd/bausteinsicht/show.go:185.21,187.5 1 1
github.com/docToolchain/Bausteinsicht/cmd/bausteinsicht/show.go:188.4,189.20 2 1
github.com/docToolchain/Bausteinsicht/cmd/bausteinsicht/show.go:189.20,191.5 1 1
github.com/docToolchain/Bausteinsicht/cmd/bausteinsicht/show.go:192.4,192.99 1 1
github.com/docToolchain/Bausteinsicht/cmd/bausteinsicht/show.go:192.99,194.5 1 0
github.com/docToolchain/Bausteinsicht/cmd/bausteinsicht/show.go:198.2,198.23 1 1
github.com/docToolchain/Bausteinsicht/cmd/bausteinsicht/show.go:198.23,199.90 1 1
github.com/docToolchain/Bausteinsicht/cmd/bausteinsicht/show.go:199.90,201.4 1 0
github.com/docToolchain/Bausteinsicht/cmd/bausteinsicht/show.go:204.2,204.12 1 1
github.com/docToolchain/Bausteinsicht/cmd/bausteinsicht/status.go:24.36,36.2 3 1
github.com/docToolchain/Bausteinsicht/cmd/bausteinsicht/status.go:38.54,43.59 4 1
github.com/docToolchain/Bausteinsicht/cmd/bausteinsicht/status.go:43.59,45.3 1 0
github.com/docToolchain/Bausteinsicht/cmd/bausteinsicht/status.go:47.2,48.16 2 1
github.com/docToolchain/Bausteinsicht/cmd/bausteinsicht/status.go:48.16,50.3 1 1
github.com/docToolchain/Bausteinsicht/cmd/bausteinsicht/status.go:53.2,53.18 1 1
github.com/docToolchain/Bausteinsicht/cmd/bausteinsicht/status.go:53.18,55.46 2 1
github.com/docToolchain/Bausteinsicht/cmd/bausteinsicht/status.go:55.46,56.24 1 1
github.com/docToolchain/Bausteinsicht/cmd/bausteinsicht/status.go:56.24,58.10 2 1
github.com/docToolchain/Bausteinsicht/cmd/bausteinsicht/status.go:61.3,61.13 1 1
github.com/docToolchain/Bausteinsicht/cmd/bausteinsicht/status.go:61.13,64.4 1 1
github.com/docToolchain/Bausteinsicht/cmd/bausteinsicht/status.go:68.2,69.16 2 1
github.com/docToolchain/Bausteinsicht/cmd/bausteinsicht/status.go:69.16,71.3 1 0
github.com/docToolchain/Bausteinsicht/cmd/bausteinsicht/status.go:73.2,79.45 2 1
github.com/docToolchain/Bausteinsicht/cmd/bausteinsicht/status.go:79.45,81.3 1 1
github.com/docToolchain/Bausteinsicht/cmd/bausteinsicht/status.go:82.2,85.37 2 1
github.com/docToolchain/Bausteinsicht/cmd/bausteinsicht/status.go:85.37,87.19 2 1
github.com/docToolchain/Bausteinsicht/cmd/bausteinsicht/status.go:87.19,89.4 1 1
github.com/docToolchain/Bausteinsicht/cmd/bausteinsicht/status.go:92.3,92.39 1 1
github.com/docToolchain/Bausteinsicht/cmd/bausteinsicht/status.go:92.39,93.12 1 1
github.com/docToolchain/Bausteinsicht/cmd/bausteinsicht/status.go:97.3,97.24 1 1
github.com/docToolchain/Bausteinsicht/cmd/bausteinsicht/status.go:97.24,99.4 1 1
github.com/docToolchain/Bausteinsicht/cmd/bausteinsicht/status.go:99.9,101.4 1 1
github.com/docToolchain/Bausteinsicht/cmd/bausteinsicht/status.go:104.3,109.5 1 1
github.com/docToolchain/Bausteinsicht/cmd/bausteinsicht/status.go:113.2,113.50 1 1
github.com/docToolchain/Bausteinsicht/cmd/bausteinsicht/status.go:113.50,114.61 1 1
github.com/docToolchain/Bausteinsicht/cmd/bausteinsicht/status.go:114.61,116.4 1 1
github.com/docToolchain/Bausteinsicht/cmd/bausteinsicht/status.go:117.3,117.55 1 0
github.com/docToolchain/Bausteinsicht/cmd/bausteinsicht/status.go:120.2,120.22 1 1
github.com/docToolchain/Bausteinsicht/cmd/bausteinsicht/status.go:120.22,122.3 1 1
github.com/docToolchain/Bausteinsicht/cmd/bausteinsicht/status.go:123.2,123.38 1 1
github.com/docToolchain/Bausteinsicht/cmd/bausteinsicht/status.go:126.70,128.16 2 1
github.com/docToolchain/Bausteinsicht/cmd/bausteinsicht/status.go:128.16,130.3 1 0
github.com/docToolchain/Bausteinsicht/cmd/bausteinsicht/status.go:131.2,132.12 2 1
github.com/docToolchain/Bausteinsicht/cmd/bausteinsicht/status.go:135.70,136.88 1 1
github.com/docToolchain/Bausteinsicht/cmd/bausteinsicht/status.go:136.88,138.3 1 0
github.com/docToolchain/Bausteinsicht/cmd/bausteinsicht/status.go:139.2,139.116 1 1
github.com/docToolchain/Bausteinsicht/cmd/bausteinsicht/status.go:139.116,141.3 1 0
github.com/docToolchain/Bausteinsicht/cmd/bausteinsicht/status.go:144.2,144.62 1 1
github.com/docToolchain/Bausteinsicht/cmd/bausteinsicht/status.go:144.62,146.88 2 1
github.com/docToolchain/Bausteinsicht/cmd/bausteinsicht/status.go:146.88,148.4 1 0
github.com/docToolchain/Bausteinsicht/cmd/bausteinsicht/status.go:151.3,151.40 1 1
github.com/docToolchain/Bausteinsicht/cmd/bausteinsicht/status.go:151.40,152.29 1 1
github.com/docToolchain/Bausteinsicht/cmd/bausteinsicht/status.go:152.29,153.117 1 1
github.com/docToolchain/Bausteinsicht/cmd/bausteinsicht/status.go:153.117,155.6 1 0
github.com/docToolchain/Bausteinsicht/cmd/bausteinsicht/status.go:158.3,158.65 1 1
github.com/docToolchain/Bausteinsicht/cmd/bausteinsicht/status.go:158.65,160.4 1 0
github.com/docToolchain/Bausteinsicht/cmd/bausteinsicht/status.go:163.2,163.12 1 1
github.com/docToolchain/Bausteinsicht/cmd/bausteinsicht/sync.go:20.34,29.2 3 1
github.com/docToolchain/Bausteinsicht/cmd/bausteinsicht/sync.go:31.52,39.21 6 1
github.com/docToolchain/Bausteinsicht/cmd/bausteinsicht/sync.go:39.21,41.17 2 1
github.com/docToolchain/Bausteinsicht/cmd/bausteinsicht/sync.go:41.17,43.4 1 1
github.com/docToolchain/Bausteinsicht/cmd/bausteinsicht/sync.go:44.3,44.23 1 1
github.com/docToolchain/Bausteinsicht/cmd/bausteinsicht/sync.go:48.2,54.16 5 1
github.com/docToolchain/Bausteinsicht/cmd/bausteinsicht/sync.go:54.16,56.3 1 0
github.com/docToolchain/Bausteinsicht/cmd/bausteinsicht/sync.go:61.2,61.66 1 1
github.com/docToolchain/Bausteinsicht/cmd/bausteinsicht/sync.go:61.66,62.37 1 1
github.com/docToolchain/Bausteinsicht/cmd/bausteinsicht/sync.go:62.37,64.4 1 1
github.com/docToolchain/Bausteinsicht/cmd/bausteinsicht/sync.go:65.3,65.132 1 1
github.com/docToolchain/Bausteinsicht/cmd/bausteinsicht/sync.go:72.2,74.16 3 1
github.com/docToolchain/Bausteinsicht/cmd/bausteinsicht/sync.go:74.16,75.66 1 1
github.com/docToolchain/Bausteinsicht/cmd/bausteinsicht/sync.go:75.66,77.4 1 0
github.com/docToolchain/Bausteinsicht/cmd/bausteinsicht/sync.go:78.3,78.37 1 1
github.com/docToolchain/Bausteinsicht/cmd/bausteinsicht/sync.go:78.37,80.4 1 1
github.com/docToolchain/Bausteinsicht/cmd/bausteinsicht/sync.go:80.9,82.4 1 1
github.com/docToolchain/Bausteinsicht/cmd/bausteinsicht/sync.go:83.3,84.19 2 1
github.com/docToolchain/Bausteinsicht/cmd/bausteinsicht/sync.go:90.2,91.15 2 1
github.com/docToolchain/Bausteinsicht/cmd/bausteinsicht/sync.go:91.15,98.3 2 1
github.com/docToolchain/Bausteinsicht/cmd/bausteinsicht/sync.go:98.8,100.17 2 1
github.com/docToolchain/Bausteinsicht/cmd/bausteinsicht/sync.go:100.17,102.4 1 0
github.com/docToolchain/Bausteinsicht/cmd/bausteinsicht/sync.go:106.2,107.24 2 1
github.com/docToolchain/Bausteinsicht/cmd/bausteinsicht/sync.go:107.24,109.3 1 1
github.com/docToolchain/Bausteinsicht/cmd/bausteinsicht/sync.go:109.8,111.3 1 1
github.com/docToolchain/Bausteinsicht/cmd/bausteinsicht/sync.go:112.2,112.16 1 1
github.com/docToolchain/Bausteinsicht/cmd/bausteinsicht/sync.go:112.16,114.3 1 0
github.com/docToolchain/Bausteinsicht/cmd/bausteinsicht/sync.go:117.2,117.33 1 1
github.com/docToolchain/Bausteinsicht/cmd/bausteinsicht/sync.go:117.33,122.3 3 1
github.com/docToolchain/Bausteinsicht/cmd/bausteinsicht/sync.go:127.2,128.36 2 1
github.com/docToolchain/Bausteinsicht/cmd/bausteinsicht/sync.go:128.36,130.33 2 1
github.com/docToolchain/Bausteinsicht/cmd/bausteinsicht/sync.go:130.33,133.4 2 1
github.com/docToolchain/Bausteinsicht/cmd/bausteinsicht/sync.go:137.2,149.56 4 1
github.com/docToolchain/Bausteinsicht/cmd/bausteinsicht/sync.go:149.56,151.3 1 0
github.com/docToolchain/Bausteinsicht/cmd/bausteinsicht/sync.go:152.2,152.61 1 1
github.com/docToolchain/Bausteinsicht/cmd/bausteinsicht/sync.go:152.61,154.3 1 0
github.com/docToolchain/Bausteinsicht/cmd/bausteinsicht/sync.go:156.2,159.16 4 1
github.com/docToolchain/Bausteinsicht/cmd/bausteinsicht/sync.go:159.16,161.3 1 0
github.com/docToolchain/Bausteinsicht/cmd/bausteinsicht/sync.go:162.2,162.61 1 1
github.com/docToolchain/Bausteinsicht/cmd/bausteinsicht/sync.go:162.61,164.3 1 0
github.com/docToolchain/Bausteinsicht/cmd/bausteinsicht/sync.go:167.2,167.33 1 1
github.com/docToolchain/Bausteinsicht/cmd/bausteinsicht/sync.go:167.33,168.28 1 1
github.com/docToolchain/Bausteinsicht/cmd/bausteinsicht/sync.go:168.28,172.4 1 1
github.com/docToolchain/Bausteinsicht/cmd/bausteinsicht/sync.go:173.3,173.28 1 1
github.com/docToolchain/Bausteinsicht/cmd/bausteinsicht/sync.go:173.28,177.4 1 1
github.com/docToolchain/Bausteinsicht/cmd/bausteinsicht/sync.go:178.3,178.32 1 1
github.com/docToolchain/Bausteinsicht/cmd/bausteinsicht/sync.go:178.32,180.4 1 0
github.com/docToolchain/Bausteinsicht/cmd/bausteinsicht/sync.go:184.2,184.36 1 1
github.com/docToolchain/Bausteinsicht/cmd/bausteinsicht/sync.go:184.36,186.3 1 1
github.com/docToolchain/Bausteinsicht/cmd/bausteinsicht/sync.go:189.2,190.22 2 1
github.com/docToolchain/Bausteinsicht/cmd/bausteinsicht/sync.go:190.22,193.3 2 1
github.com/docToolchain/Bausteinsicht/cmd/bausteinsicht/sync.go:193.8,195.3 1 1
github.com/docToolchain/Bausteinsicht/cmd/bausteinsicht/sync.go:198.2,198.31 1 1
github.com/docToolchain/Bausteinsicht/cmd/bausteinsicht/sync.go:198.31,200.3 1 0
github.com/docToolchain/Bausteinsicht/cmd/bausteinsicht/sync.go:202.2,202.12 1 1
github.com/docToolchain/Bausteinsicht/cmd/bausteinsicht/sync.go:216.61,220.27 2 1
github.com/docToolchain/Bausteinsicht/cmd/bausteinsicht/sync.go:220.27,228.3 7 1
github.com/docToolchain/Bausteinsicht/cmd/bausteinsicht/sync.go:229.2,229.27 1 1
github.com/docToolchain/Bausteinsicht/cmd/bausteinsicht/sync.go:229.27,236.3 6 1
github.com/docToolchain/Bausteinsicht/cmd/bausteinsicht/sync.go:237.2,237.10 1 1
github.com/docToolchain/Bausteinsicht/cmd/bausteinsicht/sync.go:243.90,249.17 2 1
github.com/docToolchain/Bausteinsicht/cmd/bausteinsicht/sync.go:249.17,252.3 1 1
github.com/docToolchain/Bausteinsicht/cmd/bausteinsicht/sync.go:254.2,254.27 1 1
github.com/docToolchain/Bausteinsicht/cmd/bausteinsicht/sync.go:254.27,256.32 2 1
github.com/docToolchain/Bausteinsicht/cmd/bausteinsicht/sync.go:256.32,257.53 1 0
github.com/docToolchain/Bausteinsicht/cmd/bausteinsicht/sync.go:257.53,259.5 1 0
github.com/docToolchain/Bausteinsicht/cmd/bausteinsicht/sync.go:264.2,264.28 1 1
github.com/docToolchain/Bausteinsicht/cmd/bausteinsicht/sync.go:270.41,272.2 1 1
github.com/docToolchain/Bausteinsicht/cmd/bausteinsicht/sync.go:274.38,277.62 2 1
github.com/docToolchain/Bausteinsicht/cmd/bausteinsicht/sync.go:277.62,280.3 2 1
github.com/docToolchain/Bausteinsicht/cmd/bausteinsicht/sync.go:281.2,281.58 1 1
github.com/docToolchain/Bausteinsicht/cmd/bausteinsicht/sync.go:281.58,284.3 1 1
github.com/docToolchain/Bausteinsicht/cmd/bausteinsicht/sync.go:285.2,285.41 1 1
github.com/docToolchain/Bausteinsicht/cmd/bausteinsicht/sync.go:285.41,287.3 1 0
github.com/docToolchain/Bausteinsicht/cmd/bausteinsicht/sync.go:288.2,288.58 1 1
github.com/docToolchain/Bausteinsicht/cmd/bausteinsicht/sync.go:288.58,291.3 1 1
github.com/docToolchain/Bausteinsicht/cmd/bausteinsicht/sync.go:292.2,292.21 1 1
github.com/docToolchain/Bausteinsicht/cmd/bausteinsicht/sync.go:292.21,294.3 1 0
github.com/docToolchain/Bausteinsicht/cmd/bausteinsicht/validate.go:22.38,31.2 1 1
github.com/docToolchain/Bausteinsicht/cmd/bausteinsicht/validate.go:33.59,38.21 4 1
github.com/docToolchain/Bausteinsicht/cmd/bausteinsicht/validate.go:38.21,40.17 2 1
github.com/docToolchain/Bausteinsicht/cmd/bausteinsicht/validate.go:40.17,42.4 1 1
github.com/docToolchain/Bausteinsicht/cmd/bausteinsicht/validate.go:43.3,43.23 1 1
github.com/docToolchain/Bausteinsicht/cmd/bausteinsicht/validate.go:46.2,47.16 2 1
github.com/docToolchain/Bausteinsicht/cmd/bausteinsicht/validate.go:47.16,49.3 1 1
github.com/docToolchain/Bausteinsicht/cmd/bausteinsicht/validate.go:52.2,52.33 1 1
github.com/docToolchain/Bausteinsicht/cmd/bausteinsicht/validate.go:52.33,57.3 3 1
github.com/docToolchain/Bausteinsicht/cmd/bausteinsicht/validate.go:59.2,61.22 2 1
github.com/docToolchain/Bausteinsicht/cmd/bausteinsicht/validate.go:61.22,63.3 1 1
github.com/docToolchain/Bausteinsicht/cmd/bausteinsicht/validate.go:64.2,64.32 1 1
github.com/docToolchain/Bausteinsicht/cmd/bausteinsicht/validate.go:67.70,72.30 2 1
github.com/docToolchain/Bausteinsicht/cmd/bausteinsicht/validate.go:72.30,74.3 1 1
github.com/docToolchain/Bausteinsicht/cmd/bausteinsicht/validate.go:75.2,75.26 1 1
github.com/docToolchain/Bausteinsicht/cmd/bausteinsicht/validate.go:75.26,77.33 2 1
github.com/docToolchain/Bausteinsicht/cmd/bausteinsicht/validate.go:77.33,79.4 1 1
github.com/docToolchain/Bausteinsicht/cmd/bausteinsicht/validate.go:81.2,82.16 2 1
github.com/docToolchain/Bausteinsicht/cmd/bausteinsicht/validate.go:82.16,84.3 1 0
github.com/docToolchain/Bausteinsicht/cmd/bausteinsicht/validate.go:85.2,85.73 1 1
github.com/docToolchain/Bausteinsicht/cmd/bausteinsicht/validate.go:85.73,87.3 1 0
github.com/docToolchain/Bausteinsicht/cmd/bausteinsicht/validate.go:88.2,88.19 1 1
github.com/docToolchain/Bausteinsicht/cmd/bausteinsicht/validate.go:88.19,90.3 1 1
github.com/docToolchain/Bausteinsicht/cmd/bausteinsicht/validate.go:91.2,91.12 1 1
github.com/docToolchain/Bausteinsicht/cmd/bausteinsicht/validate.go:94.70,95.32 1 1
github.com/docToolchain/Bausteinsicht/cmd/bausteinsicht/validate.go:95.32,96.100 1 1
github.com/docToolchain/Bausteinsicht/cmd/bausteinsicht/validate.go:96.100,98.4 1 0
github.com/docToolchain/Bausteinsicht/cmd/bausteinsicht/validate.go:100.2,100.25 1 1
github.com/docToolchain/Bausteinsicht/cmd/bausteinsicht/validate.go:100.25,103.3 2 1
github.com/docToolchain/Bausteinsicht/cmd/bausteinsicht/validate.go:104.2,104.30 1 1
github.com/docToolchain/Bausteinsicht/cmd/bausteinsicht/validate.go:104.30,105.98 1 1
github.com/docToolchain/Bausteinsicht/cmd/bausteinsicht/validate.go:105.98,107.4 1 0
github.com/docToolchain/Bausteinsicht/cmd/bausteinsicht/validate.go:109.2,109.57 1 1
github.com/docToolchain/Bausteinsicht/cmd/bausteinsicht/watch.go:19.35,26.2 1 1
github.com/docToolchain/Bausteinsicht/cmd/bausteinsicht/watch.go:28.53,33.21 3 1
github.com/docToolchain/Bausteinsicht/cmd/bausteinsicht/watch.go:33.21,35.17 2 1
github.com/docToolchain/Bausteinsicht/cmd/bausteinsicht/watch.go:35.17,37.4 1 1
github.com/docToolchain/Bausteinsicht/cmd/bausteinsicht/watch.go:38.3,38.23 1 1
github.com/docToolchain/Bausteinsicht/cmd/bausteinsicht/watch.go:42.2,46.46 3 1
github.com/docToolchain/Bausteinsicht/cmd/bausteinsicht/watch.go:46.46,48.3 1 0
github.com/docToolchain/Bausteinsicht/cmd/bausteinsicht/watch.go:49.2,49.47 1 1
github.com/docToolchain/Bausteinsicht/cmd/bausteinsicht/watch.go:49.47,51.3 1 1
github.com/docToolchain/Bausteinsicht/cmd/bausteinsicht/watch.go:53.2,65.28 6 0
github.com/docToolchain/Bausteinsicht/cmd/bausteinsicht/watch.go:65.28,69.4 3 0
github.com/docToolchain/Bausteinsicht/cmd/bausteinsicht/watch.go:71.2,71.16 1 0
github.com/docToolchain/Bausteinsicht/cmd/bausteinsicht/watch.go:71.16,73.3 1 0
github.com/docToolchain/Bausteinsicht/cmd/bausteinsicht/watch.go:75.2,75.34 1 0
github.com/docToolchain/Bausteinsicht/cmd/bausteinsicht/watch.go:75.34,77.3 1 0
github.com/docToolchain/Bausteinsicht/cmd/bausteinsicht/watch.go:80.2,86.12 6 0
github.com/docToolchain/Bausteinsicht/cmd/bausteinsicht/watch.go:89.70,96.16 5 0
github.com/docToolchain/Bausteinsicht/cmd/bausteinsicht/watch.go:96.16,99.3 2 0
github.com/docToolchain/Bausteinsicht/cmd/bausteinsicht/watch.go:104.2,106.16 3 0
github.com/docToolchain/Bausteinsicht/cmd/bausteinsicht/watch.go:106.16,107.30 1 0
github.com/docToolchain/Bausteinsicht/cmd/bausteinsicht/watch.go:107.30,111.4 3 0
github.com/docToolchain/Bausteinsicht/cmd/bausteinsicht/watch.go:111.9,114.4 2 0
github.com/docToolchain/Bausteinsicht/cmd/bausteinsicht/watch.go:117.2,118.20 2 0
github.com/docToolchain/Bausteinsicht/cmd/bausteinsicht/watch.go:118.20,124.3 2 0
github.com/docToolchain/Bausteinsicht/cmd/bausteinsicht/watch.go:124.8,126.17 2 0
github.com/docToolchain/Bausteinsicht/cmd/bausteinsicht/watch.go:126.17,129.4 2 0
github.com/docToolchain/Bausteinsicht/cmd/bausteinsicht/watch.go:132.2,133.24 2 0
github.com/docToolchain/Bausteinsicht/cmd/bausteinsicht/watch.go:133.24,135.3 1 0
github.com/docToolchain/Bausteinsicht/cmd/bausteinsicht/watch.go:135.8,137.3 1 0
github.com/docToolchain/Bausteinsicht/cmd/bausteinsicht/watch.go:138.2,138.16 1 0
github.com/docToolchain/Bausteinsicht/cmd/bausteinsicht/watch.go:138.16,141.3 2 0
github.com/docToolchain/Bausteinsicht/cmd/bausteinsicht/watch.go:144.2,145.36 2 0
github.com/docToolchain/Bausteinsicht/cmd/bausteinsicht/watch.go:145.36,147.33 2 0
github.com/docToolchain/Bausteinsicht/cmd/bausteinsicht/watch.go:147.33,150.4 2 0
github.com/docToolchain/Bausteinsicht/cmd/bausteinsicht/watch.go:154.2,158.56 3 0
github.com/docToolchain/Bausteinsicht/cmd/bausteinsicht/watch.go:158.56,161.3 2 0
github.com/docToolchain/Bausteinsicht/cmd/bausteinsicht/watch.go:162.2,162.61 1 0
github.com/docToolchain/Bausteinsicht/cmd/bausteinsicht/watch.go:162.61,165.3 2 0
github.com/docToolchain/Bausteinsicht/cmd/bausteinsicht/watch.go:167.2,170.16 4 0
github.com/docToolchain/Bausteinsicht/cmd/bausteinsicht/watch.go:170.16,173.3 2 0
github.com/docToolchain/Bausteinsicht/cmd/bausteinsicht/watch.go:174.2,174.61 1 0
github.com/docToolchain/Bausteinsicht/cmd/bausteinsicht/watch.go:174.61,177.3 2 0
github.com/docToolchain/Bausteinsicht/cmd/bausteinsicht/watch.go:179.2,179.36 1 0
github.com/docToolchain/Bausteinsicht/cmd/bausteinsicht/watch.go:179.36,181.3 1 0
github.com/docToolchain/Bausteinsicht/cmd/bausteinsicht/watch.go:183.2,183.44 1 0
github.com/docToolchain/Bausteinsicht/internal/constraints/engine.go:14.40,16.2 1 1
github.com/docToolchain/Bausteinsicht/internal/constraints/engine.go:20.51,22.34 2 1
github.com/docToolchain/Bausteinsicht/internal/constraints/engine.go:22.34,24.17 2 1
github.com/docToolchain/Bausteinsicht/internal/constraints/engine.go:24.17,29.12 2 1
github.com/docToolchain/Bausteinsicht/internal/constraints/engine.go:31.3,31.27 1 1
github.com/docToolchain/Bausteinsicht/internal/constraints/engine.go:33.2,33.49 1 1
github.com/docToolchain/Bausteinsicht/internal/constraints/engine.go:36.85,37.16 1 1
github.com/docToolchain/Bausteinsicht/internal/constraints/engine.go:38.25,39.35 1 1
github.com/docToolchain/Bausteinsicht/internal/constraints/engine.go:40.30,41.40 1 1
github.com/docToolchain/Bausteinsicht/internal/constraints/engine.go:42.24,43.34 1 1
github.com/docToolchain/Bausteinsicht/internal/constraints/engine.go:44.19,45.29 1 1
github.com/docToolchain/Bausteinsicht/internal/constraints/engine.go:46.32,47.41 1 1
github.com/docToolchain/Bausteinsicht/internal/constraints/engine.go:48.28,49.38 1 1
github.com/docToolchain/Bausteinsicht/internal/constraints/engine.go:50.10,51.43 1 1
github.com/docToolchain/Bausteinsicht/internal/constraints/rules.go:12.82,14.16 2 1
github.com/docToolchain/Bausteinsicht/internal/constraints/rules.go:14.16,16.3 1 0
github.com/docToolchain/Bausteinsicht/internal/constraints/rules.go:17.2,20.38 3 1
github.com/docToolchain/Bausteinsicht/internal/constraints/rules.go:20.38,21.67 1 1
github.com/docToolchain/Bausteinsicht/internal/constraints/rules.go:21.67,23.4 1 1
github.com/docToolchain/Bausteinsicht/internal/constraints/rules.go:25.2,25.19 1 1
github.com/docToolchain/Bausteinsicht/internal/constraints/rules.go:25.19,27.3 1 1
github.com/docToolchain/Bausteinsicht/internal/constraints/rules.go:28.2,32.4 1 1
github.com/docToolchain/Bausteinsicht/internal/constraints/rules.go:37.87,39.16 2 1
github.com/docToolchain/Bausteinsicht/internal/constraints/rules.go:39.16,41.3 1 0
github.com/docToolchain/Bausteinsicht/internal/constraints/rules.go:42.2,45.32 3 1
github.com/docToolchain/Bausteinsicht/internal/constraints/rules.go:45.32,47.3 1 1
github.com/docToolchain/Bausteinsicht/internal/constraints/rules.go:49.2,50.38 2 1
github.com/docToolchain/Bausteinsicht/internal/constraints/rules.go:50.38,51.63 1 1
github.com/docToolchain/Bausteinsicht/internal/constraints/rules.go:51.63,53.4 1 1
github.com/docToolchain/Bausteinsicht/internal/constraints/rules.go:55.2,55.19 1 1
github.com/docToolchain/Bausteinsicht/internal/constraints/rules.go:55.19,57.3 1 1
github.com/docToolchain/Bausteinsicht/internal/constraints/rules.go:58.2,62.4 1 1
github.com/docToolchain/Bausteinsicht/internal/constraints/rules.go:67.81,69.16 2 1
github.com/docToolchain/Bausteinsicht/internal/constraints/rules.go:69.16,71.3 1 0
github.com/docToolchain/Bausteinsicht/internal/constraints/rules.go:73.2,74.27 2 1
github.com/docToolchain/Bausteinsicht/internal/constraints/rules.go:74.27,75.31 1 1
github.com/docToolchain/Bausteinsicht/internal/constraints/rules.go:75.31,76.12 1 1
github.com/docToolchain/Bausteinsicht/internal/constraints/rules.go:78.3,79.18 2 1
github.com/docToolchain/Bausteinsicht/internal/constraints/rules.go:80.22,81.34 1 1
github.com/docToolchain/Bausteinsicht/internal/constraints/rules.go:82.21,83.33 1 1
github.com/docToolchain/Bausteinsicht/internal/constraints/rules.go:84.16,85.28 1 0
github.com/docToolchain/Bausteinsicht/internal/constraints/rules.go:86.11,91.6 1 0
github.com/docToolchain/Bausteinsicht/internal/constraints/rules.go:93.3,93.14 1 1
github.com/docToolchain/Bausteinsicht/internal/constraints/rules.go:93.14,95.4 1 1
github.com/docToolchain/Bausteinsicht/internal/constraints/rules.go:97.2,97.19 1 1
github.com/docToolchain/Bausteinsicht/internal/constraints/rules.go:97.19,99.3 1 1
github.com/docToolchain/Bausteinsicht/internal/constraints/rules.go:100.2,104.4 1 1
github.com/docToolchain/Bausteinsicht/internal/constraints/rules.go:109.76,112.19 3 1
github.com/docToolchain/Bausteinsicht/internal/constraints/rules.go:112.19,114.3 1 1
github.com/docToolchain/Bausteinsicht/internal/constraints/rules.go:115.2,119.4 1 1
github.com/docToolchain/Bausteinsicht/internal/constraints/rules.go:122.82,123.31 1 1
github.com/docToolchain/Bausteinsicht/internal/constraints/rules.go:123.31,124.18 1 1
github.com/docToolchain/Bausteinsicht/internal/constraints/rules.go:124.18,126.4 1 1
github.com/docToolchain/Bausteinsicht/internal/constraints/rules.go:127.3,127.27 1 1
github.com/docToolchain/Bausteinsicht/internal/constraints/rules.go:127.27,129.4 1 1
github.com/docToolchain/Bausteinsicht/internal/constraints/rules.go:134.88,138.16 3 1
github.com/docToolchain/Bausteinsicht/internal/constraints/rules.go:138.16,140.3 1 0
github.com/docToolchain/Bausteinsicht/internal/constraints/rules.go:141.2,141.23 1 1
github.com/docToolchain/Bausteinsicht/internal/constraints/rules.go:141.23,143.3 1 1
github.com/docToolchain/Bausteinsicht/internal/constraints/rules.go:144.2,144.38 1 1
github.com/docToolchain/Bausteinsicht/internal/constraints/rules.go:144.38,146.3 1 1
github.com/docToolchain/Bausteinsicht/internal/constraints/rules.go:148.2,153.41 5 1
github.com/docToolchain/Bausteinsicht/internal/constraints/rules.go:153.41,158.39 4 1
github.com/docToolchain/Bausteinsicht/internal/constraints/rules.go:158.39,159.27 1 1
github.com/docToolchain/Bausteinsicht/internal/constraints/rules.go:159.27,161.5 1 1
github.com/docToolchain/Bausteinsicht/internal/constraints/rules.go:161.10,161.33 1 1
github.com/docToolchain/Bausteinsicht/internal/constraints/rules.go:161.33,163.28 1 1
github.com/docToolchain/Bausteinsicht/internal/constraints/rules.go:163.28,164.24 1 1
github.com/docToolchain/Bausteinsicht/internal/constraints/rules.go:164.24,167.12 3 1
github.com/docToolchain/Bausteinsicht/internal/constraints/rules.go:172.3,172.24 1 1
github.com/docToolchain/Bausteinsicht/internal/constraints/rules.go:175.2,175.24 1 1
github.com/docToolchain/Bausteinsicht/internal/constraints/rules.go:175.24,176.21 1 1
github.com/docToolchain/Bausteinsicht/internal/constraints/rules.go:176.21,178.4 1 1
github.com/docToolchain/Bausteinsicht/internal/constraints/rules.go:181.2,181.22 1 1
github.com/docToolchain/Bausteinsicht/internal/constraints/rules.go:181.22,183.3 1 1
github.com/docToolchain/Bausteinsicht/internal/constraints/rules.go:184.2,188.4 1 1
github.com/docToolchain/Bausteinsicht/internal/constraints/rules.go:193.85,195.16 2 1
github.com/docToolchain/Bausteinsicht/internal/constraints/rules.go:195.16,197.3 1 0
github.com/docToolchain/Bausteinsicht/internal/constraints/rules.go:198.2,199.35 2 1
github.com/docToolchain/Bausteinsicht/internal/constraints/rules.go:199.35,201.3 1 1
github.com/docToolchain/Bausteinsicht/internal/constraints/rules.go:203.2,204.27 2 1
github.com/docToolchain/Bausteinsicht/internal/constraints/rules.go:204.27,205.31 1 1
github.com/docToolchain/Bausteinsicht/internal/constraints/rules.go:205.31,206.12 1 0
github.com/docToolchain/Bausteinsicht/internal/constraints/rules.go:208.3,208.26 1 1
github.com/docToolchain/Bausteinsicht/internal/constraints/rules.go:208.26,209.12 1 1
github.com/docToolchain/Bausteinsicht/internal/constraints/rules.go:211.3,211.47 1 1
github.com/docToolchain/Bausteinsicht/internal/constraints/rules.go:211.47,214.4 1 1
github.com/docToolchain/Bausteinsicht/internal/constraints/rules.go:216.2,216.19 1 1
github.com/docToolchain/Bausteinsicht/internal/constraints/rules.go:216.19,218.3 1 1
github.com/docToolchain/Bausteinsicht/internal/constraints/rules.go:219.2,223.4 1 1
github.com/docToolchain/Bausteinsicht/internal/constraints/rules.go:227.69,229.27 2 1
github.com/docToolchain/Bausteinsicht/internal/constraints/rules.go:229.27,231.3 1 1
github.com/docToolchain/Bausteinsicht/internal/constraints/rules.go:232.2,232.10 1 1
github.com/docToolchain/Bausteinsicht/internal/diagram/colors.go:28.42,29.46 1 1
github.com/docToolchain/Bausteinsicht/internal/diagram/colors.go:29.46,31.3 1 1
github.com/docToolchain/Bausteinsicht/internal/diagram/colors.go:32.2,32.54 1 1
github.com/docToolchain/Bausteinsicht/internal/diagram/d2.go:12.76,14.9 2 1
github.com/docToolchain/Bausteinsicht/internal/diagram/d2.go:14.9,16.3 1 1
github.com/docToolchain/Bausteinsicht/internal/diagram/d2.go:18.2,19.16 2 1
github.com/docToolchain/Bausteinsicht/internal/diagram/d2.go:19.16,21.3 1 0
github.com/docToolchain/Bausteinsicht/internal/diagram/d2.go:23.2,28.30 4 1
github.com/docToolchain/Bausteinsicht/internal/diagram/d2.go:28.30,30.3 1 1
github.com/docToolchain/Bausteinsicht/internal/diagram/d2.go:31.2,31.22 1 1
github.com/docToolchain/Bausteinsicht/internal/diagram/d2.go:31.22,33.3 1 0
github.com/docToolchain/Bausteinsicht/internal/diagram/d2.go:36.2,42.30 4 1
github.com/docToolchain/Bausteinsicht/internal/diagram/d2.go:42.30,44.18 2 1
github.com/docToolchain/Bausteinsicht/internal/diagram/d2.go:44.18,45.12 1 0
github.com/docToolchain/Bausteinsicht/internal/diagram/d2.go:48.3,52.18 4 1
[...]
github.com/docToolchain/Bausteinsicht/internal/sync/reverse.go:318.31,320.4 1 0
github.com/docToolchain/Bausteinsicht/internal/sync/reverse.go:321.3,322.13 2 1
github.com/docToolchain/Bausteinsicht/internal/sync/reverse.go:324.2,325.9 2 1
github.com/docToolchain/Bausteinsicht/internal/sync/reverse.go:325.9,327.3 1 0
github.com/docToolchain/Bausteinsicht/internal/sync/reverse.go:328.2,328.26 1 1
github.com/docToolchain/Bausteinsicht/internal/sync/reverse.go:328.26,330.3 1 0
github.com/docToolchain/Bausteinsicht/internal/sync/reverse.go:331.2,331.72 1 1
github.com/docToolchain/Bausteinsicht/internal/sync/reverse.go:331.72,333.3 1 0
github.com/docToolchain/Bausteinsicht/internal/sync/reverse.go:334.2,335.12 2 1
github.com/docToolchain/Bausteinsicht/internal/sync/reverse.go:340.56,341.40 1 1
github.com/docToolchain/Bausteinsicht/internal/sync/reverse.go:341.40,343.3 1 1
github.com/docToolchain/Bausteinsicht/internal/sync/reverse.go:344.2,345.42 2 1
github.com/docToolchain/Bausteinsicht/internal/sync/reverse.go:345.42,346.29 1 1
github.com/docToolchain/Bausteinsicht/internal/sync/reverse.go:346.29,348.4 1 1
github.com/docToolchain/Bausteinsicht/internal/sync/reverse.go:350.2,350.13 1 1
github.com/docToolchain/Bausteinsicht/internal/sync/reverse.go:354.55,356.22 2 1
github.com/docToolchain/Bausteinsicht/internal/sync/reverse.go:356.22,357.15 1 1
github.com/docToolchain/Bausteinsicht/internal/sync/reverse.go:357.15,359.4 1 1
github.com/docToolchain/Bausteinsicht/internal/sync/reverse.go:361.2,361.22 1 1
github.com/docToolchain/Bausteinsicht/internal/sync/reverse.go:361.22,363.3 1 1
github.com/docToolchain/Bausteinsicht/internal/sync/reverse.go:364.2,364.15 1 1
github.com/docToolchain/Bausteinsicht/internal/sync/state.go:46.49,48.16 2 1
github.com/docToolchain/Bausteinsicht/internal/sync/state.go:48.16,49.25 1 1
github.com/docToolchain/Bausteinsicht/internal/sync/state.go:49.25,54.4 1 1
github.com/docToolchain/Bausteinsicht/internal/sync/state.go:55.3,55.56 1 0
github.com/docToolchain/Bausteinsicht/internal/sync/state.go:59.2,59.20 1 1
github.com/docToolchain/Bausteinsicht/internal/sync/state.go:59.20,64.3 1 1
github.com/docToolchain/Bausteinsicht/internal/sync/state.go:66.2,67.53 2 1
github.com/docToolchain/Bausteinsicht/internal/sync/state.go:67.53,69.3 1 0
github.com/docToolchain/Bausteinsicht/internal/sync/state.go:72.2,72.26 1 1
github.com/docToolchain/Bausteinsicht/internal/sync/state.go:72.26,76.17 4 1
github.com/docToolchain/Bausteinsicht/internal/sync/state.go:76.17,78.4 1 0
github.com/docToolchain/Bausteinsicht/internal/sync/state.go:79.3,81.32 3 1
github.com/docToolchain/Bausteinsicht/internal/sync/state.go:81.32,83.4 1 1
github.com/docToolchain/Bausteinsicht/internal/sync/state.go:86.2,86.27 1 1
github.com/docToolchain/Bausteinsicht/internal/sync/state.go:86.27,88.3 1 0
github.com/docToolchain/Bausteinsicht/internal/sync/state.go:89.2,89.32 1 1
github.com/docToolchain/Bausteinsicht/internal/sync/state.go:89.32,91.3 1 0
github.com/docToolchain/Bausteinsicht/internal/sync/state.go:92.2,92.20 1 1
github.com/docToolchain/Bausteinsicht/internal/sync/state.go:96.53,100.16 3 1
github.com/docToolchain/Bausteinsicht/internal/sync/state.go:100.16,102.3 1 0
github.com/docToolchain/Bausteinsicht/internal/sync/state.go:103.2,107.16 4 1
github.com/docToolchain/Bausteinsicht/internal/sync/state.go:107.16,109.3 1 0
github.com/docToolchain/Bausteinsicht/internal/sync/state.go:111.2,113.16 3 1
github.com/docToolchain/Bausteinsicht/internal/sync/state.go:113.16,115.3 1 0
github.com/docToolchain/Bausteinsicht/internal/sync/state.go:116.2,118.43 2 1
github.com/docToolchain/Bausteinsicht/internal/sync/state.go:118.43,122.3 3 0
github.com/docToolchain/Bausteinsicht/internal/sync/state.go:123.2,123.36 1 1
github.com/docToolchain/Bausteinsicht/internal/sync/state.go:123.36,126.3 2 0
github.com/docToolchain/Bausteinsicht/internal/sync/state.go:127.2,127.49 1 1
github.com/docToolchain/Bausteinsicht/internal/sync/state.go:127.49,130.3 2 0
github.com/docToolchain/Bausteinsicht/internal/sync/state.go:131.2,131.12 1 1
github.com/docToolchain/Bausteinsicht/internal/sync/state.go:135.47,137.16 2 1
github.com/docToolchain/Bausteinsicht/internal/sync/state.go:137.16,139.3 1 1
github.com/docToolchain/Bausteinsicht/internal/sync/state.go:140.2,141.43 2 1
github.com/docToolchain/Bausteinsicht/internal/sync/state.go:145.118,147.16 2 1
github.com/docToolchain/Bausteinsicht/internal/sync/state.go:147.16,149.3 1 0
github.com/docToolchain/Bausteinsicht/internal/sync/state.go:151.2,152.16 2 1
github.com/docToolchain/Bausteinsicht/internal/sync/state.go:152.16,154.3 1 0
github.com/docToolchain/Bausteinsicht/internal/sync/state.go:156.2,157.16 2 1
github.com/docToolchain/Bausteinsicht/internal/sync/state.go:157.16,159.3 1 0
github.com/docToolchain/Bausteinsicht/internal/sync/state.go:160.2,161.29 2 1
github.com/docToolchain/Bausteinsicht/internal/sync/state.go:161.29,168.3 1 1
github.com/docToolchain/Bausteinsicht/internal/sync/state.go:170.2,171.36 2 1
github.com/docToolchain/Bausteinsicht/internal/sync/state.go:171.36,179.3 1 1
github.com/docToolchain/Bausteinsicht/internal/sync/state.go:184.2,185.16 2 1
github.com/docToolchain/Bausteinsicht/internal/sync/state.go:185.16,186.36 1 1
github.com/docToolchain/Bausteinsicht/internal/sync/state.go:186.36,187.47 1 0
github.com/docToolchain/Bausteinsicht/internal/sync/state.go:187.47,189.17 2 0
github.com/docToolchain/Bausteinsicht/internal/sync/state.go:189.17,191.6 1 0
github.com/docToolchain/Bausteinsicht/internal/sync/state.go:196.2,203.8 1 1
github.com/docToolchain/Bausteinsicht/internal/table/table.go:29.88,31.9 2 1
github.com/docToolchain/Bausteinsicht/internal/table/table.go:31.9,33.3 1 1
github.com/docToolchain/Bausteinsicht/internal/table/table.go:35.2,36.16 2 1
github.com/docToolchain/Bausteinsicht/internal/table/table.go:36.16,38.3 1 0
github.com/docToolchain/Bausteinsicht/internal/table/table.go:40.2,43.24 4 1
github.com/docToolchain/Bausteinsicht/internal/table/table.go:47.76,50.27 3 1
github.com/docToolchain/Bausteinsicht/internal/table/table.go:50.27,51.12 1 1
github.com/docToolchain/Bausteinsicht/internal/table/table.go:51.12,53.4 1 1
github.com/docToolchain/Bausteinsicht/internal/table/table.go:54.3,55.10 2 1
github.com/docToolchain/Bausteinsicht/internal/table/table.go:55.10,56.12 1 0
github.com/docToolchain/Bausteinsicht/internal/table/table.go:58.3,59.17 2 1
github.com/docToolchain/Bausteinsicht/internal/table/table.go:59.17,61.4 1 0
github.com/docToolchain/Bausteinsicht/internal/table/table.go:62.3,63.26 2 1
github.com/docToolchain/Bausteinsicht/internal/table/table.go:65.2,65.24 1 1
github.com/docToolchain/Bausteinsicht/internal/table/table.go:69.76,76.27 5 1
github.com/docToolchain/Bausteinsicht/internal/table/table.go:76.27,78.10 2 1
github.com/docToolchain/Bausteinsicht/internal/table/table.go:78.10,79.12 1 0
github.com/docToolchain/Bausteinsicht/internal/table/table.go:81.3,83.17 3 1
github.com/docToolchain/Bausteinsicht/internal/table/table.go:83.17,84.12 1 0
github.com/docToolchain/Bausteinsicht/internal/table/table.go:86.3,86.31 1 1
github.com/docToolchain/Bausteinsicht/internal/table/table.go:86.31,87.16 1 1
github.com/docToolchain/Bausteinsicht/internal/table/table.go:87.16,88.13 1 1
github.com/docToolchain/Bausteinsicht/internal/table/table.go:90.4,92.19 3 1
github.com/docToolchain/Bausteinsicht/internal/table/table.go:92.19,93.13 1 0
github.com/docToolchain/Bausteinsicht/internal/table/table.go:95.4,101.6 1 1
github.com/docToolchain/Bausteinsicht/internal/table/table.go:105.2,105.39 1 1
github.com/docToolchain/Bausteinsicht/internal/table/table.go:105.39,105.73 1 1
github.com/docToolchain/Bausteinsicht/internal/table/table.go:107.2,110.24 4 1
github.com/docToolchain/Bausteinsicht/internal/table/table.go:113.80,115.16 2 1
github.com/docToolchain/Bausteinsicht/internal/table/table.go:115.16,117.3 1 0
github.com/docToolchain/Bausteinsicht/internal/table/table.go:119.2,123.30 4 1
github.com/docToolchain/Bausteinsicht/internal/table/table.go:123.30,125.18 2 1
github.com/docToolchain/Bausteinsicht/internal/table/table.go:125.18,126.12 1 0
github.com/docToolchain/Bausteinsicht/internal/table/table.go:128.3,134.5 1 1
github.com/docToolchain/Bausteinsicht/internal/table/table.go:136.2,136.18 1 1
github.com/docToolchain/Bausteinsicht/internal/table/table.go:139.61,140.11 1 1
github.com/docToolchain/Bausteinsicht/internal/table/table.go:141.16,142.38 1 1
github.com/docToolchain/Bausteinsicht/internal/table/table.go:143.16,144.38 1 1
github.com/docToolchain/Bausteinsicht/internal/table/table.go:148.59,149.11 1 1
github.com/docToolchain/Bausteinsicht/internal/table/table.go:150.16,151.30 1 1
github.com/docToolchain/Bausteinsicht/internal/table/table.go:152.16,153.30 1 1
github.com/docToolchain/Bausteinsicht/internal/table/table.go:157.57,160.25 3 1
github.com/docToolchain/Bausteinsicht/internal/table/table.go:160.25,162.3 1 1
github.com/docToolchain/Bausteinsicht/internal/table/table.go:163.2,163.25 1 1
github.com/docToolchain/Bausteinsicht/internal/table/table.go:166.57,169.25 3 1
github.com/docToolchain/Bausteinsicht/internal/table/table.go:169.25,171.3 1 1
github.com/docToolchain/Bausteinsicht/internal/table/table.go:178.93,179.9 1 0
github.com/docToolchain/Bausteinsicht/internal/table/table.go:180.16,181.32 1 0
github.com/docToolchain/Bausteinsicht/internal/table/table.go:182.21,184.10 2 0
github.com/docToolchain/Bausteinsicht/internal/table/table.go:184.10,186.4 1 0
github.com/docToolchain/Bausteinsicht/internal/table/table.go:187.3,187.31 1 0
github.com/docToolchain/Bausteinsicht/internal/table/table.go:188.10,189.27 1 0
github.com/docToolchain/Bausteinsicht/internal/table/table.go:193.70,197.40 4 0
github.com/docToolchain/Bausteinsicht/internal/table/table.go:197.40,199.10 2 0
github.com/docToolchain/Bausteinsicht/internal/table/table.go:199.10,200.12 1 0
github.com/docToolchain/Bausteinsicht/internal/table/table.go:202.3,204.17 3 0
github.com/docToolchain/Bausteinsicht/internal/table/table.go:204.17,205.12 1 0
github.com/docToolchain/Bausteinsicht/internal/table/table.go:207.3,207.31 1 0
github.com/docToolchain/Bausteinsicht/internal/table/table.go:207.31,208.16 1 0
github.com/docToolchain/Bausteinsicht/internal/table/table.go:208.16,209.13 1 0
github.com/docToolchain/Bausteinsicht/internal/table/table.go:211.4,213.19 3 0
github.com/docToolchain/Bausteinsicht/internal/table/table.go:213.19,214.13 1 0
github.com/docToolchain/Bausteinsicht/internal/table/table.go:216.4,219.6 1 0
github.com/docToolchain/Bausteinsicht/internal/table/table.go:222.2,222.39 1 0
github.com/docToolchain/Bausteinsicht/internal/table/table.go:222.39,222.73 1 0
github.com/docToolchain/Bausteinsicht/internal/table/table.go:223.2,223.18 1 0
github.com/docToolchain/Bausteinsicht/internal/table/table.go:226.65,228.40 2 0
github.com/docToolchain/Bausteinsicht/internal/table/table.go:228.40,230.10 2 0
github.com/docToolchain/Bausteinsicht/internal/table/table.go:230.10,231.12 1 0
github.com/docToolchain/Bausteinsicht/internal/table/table.go:233.3,234.17 2 0
github.com/docToolchain/Bausteinsicht/internal/table/table.go:234.17,236.4 1 0
github.com/docToolchain/Bausteinsicht/internal/table/table.go:237.3,237.35 1 0
github.com/docToolchain/Bausteinsicht/internal/table/table.go:239.2,239.18 1 0
github.com/docToolchain/Bausteinsicht/internal/table/table.go:242.59,244.25 2 1
github.com/docToolchain/Bausteinsicht/internal/table/table.go:244.25,246.3 1 1
github.com/docToolchain/Bausteinsicht/internal/table/table.go:247.2,248.13 2 1
github.com/docToolchain/Bausteinsicht/internal/template/generator.go:21.70,22.17 1 1
github.com/docToolchain/Bausteinsicht/internal/template/generator.go:22.17,24.3 1 0
github.com/docToolchain/Bausteinsicht/internal/template/generator.go:25.2,29.3 1 1
github.com/docToolchain/Bausteinsicht/internal/template/generator.go:33.39,77.36 37 1
github.com/docToolchain/Bausteinsicht/internal/template/generator.go:77.36,79.3 1 1
github.com/docToolchain/Bausteinsicht/internal/template/generator.go:82.2,87.30 3 1
github.com/docToolchain/Bausteinsicht/internal/template/generator.go:87.30,89.3 1 1
github.com/docToolchain/Bausteinsicht/internal/template/generator.go:91.2,93.45 3 1
github.com/docToolchain/Bausteinsicht/internal/template/generator.go:93.45,95.3 1 0
github.com/docToolchain/Bausteinsicht/internal/template/generator.go:96.2,96.21 1 1
github.com/docToolchain/Bausteinsicht/internal/template/generator.go:99.78,125.2 19 1
github.com/docToolchain/Bausteinsicht/internal/template/generator.go:127.96,136.21 2 1
github.com/docToolchain/Bausteinsicht/internal/template/generator.go:136.21,137.45 1 1
github.com/docToolchain/Bausteinsicht/internal/template/generator.go:137.45,139.4 1 0
github.com/docToolchain/Bausteinsicht/internal/template/generator.go:139.9,139.47 1 1
github.com/docToolchain/Bausteinsicht/internal/template/generator.go:139.47,141.4 1 1
github.com/docToolchain/Bausteinsicht/internal/template/generator.go:141.9,143.4 1 1
github.com/docToolchain/Bausteinsicht/internal/template/generator.go:146.2,146.33 1 1
github.com/docToolchain/Bausteinsicht/internal/template/layout.go:16.53,17.15 1 1
github.com/docToolchain/Bausteinsicht/internal/template/layout.go:17.15,19.3 1 0
github.com/docToolchain/Bausteinsicht/internal/template/layout.go:21.2,26.29 5 1
github.com/docToolchain/Bausteinsicht/internal/template/layout.go:26.29,33.29 3 1
github.com/docToolchain/Bausteinsicht/internal/template/layout.go:33.29,35.4 1 1
github.com/docToolchain/Bausteinsicht/internal/template/layout.go:37.3,38.23 2 1
github.com/docToolchain/Bausteinsicht/internal/template/layout.go:38.23,43.4 4 1
github.com/docToolchain/Bausteinsicht/internal/template/layout.go:43.9,45.4 1 1
github.com/docToolchain/Bausteinsicht/internal/template/layout.go:48.2,48.17 1 1
github.com/docToolchain/Bausteinsicht/internal/template/shapes.go:112.51,113.44 1 1
github.com/docToolchain/Bausteinsicht/internal/template/shapes.go:113.44,114.36 1 1
github.com/docToolchain/Bausteinsicht/internal/template/shapes.go:114.36,116.4 1 1
github.com/docToolchain/Bausteinsicht/internal/template/shapes.go:119.2,119.50 1 1
github.com/docToolchain/Bausteinsicht/internal/template/shapes.go:119.50,120.36 1 1
github.com/docToolchain/Bausteinsicht/internal/template/shapes.go:120.36,122.4 1 1
github.com/docToolchain/Bausteinsicht/internal/template/shapes.go:125.2,125.55 1 1
github.com/docToolchain/Bausteinsicht/internal/template/shapes.go:130.50,131.37 1 1
github.com/docToolchain/Bausteinsicht/internal/template/shapes.go:131.37,133.3 1 1
github.com/docToolchain/Bausteinsicht/internal/template/shapes.go:134.2,134.64 1 1
github.com/docToolchain/Bausteinsicht/internal/watcher/watcher.go:31.87,33.16 2 1
github.com/docToolchain/Bausteinsicht/internal/watcher/watcher.go:33.16,35.3 1 0
github.com/docToolchain/Bausteinsicht/internal/watcher/watcher.go:37.2,37.26 1 1
github.com/docToolchain/Bausteinsicht/internal/watcher/watcher.go:37.26,38.36 1 1
github.com/docToolchain/Bausteinsicht/internal/watcher/watcher.go:38.36,41.4 2 0
github.com/docToolchain/Bausteinsicht/internal/watcher/watcher.go:44.2,49.8 1 1
github.com/docToolchain/Bausteinsicht/internal/watcher/watcher.go:53.33,56.2 2 1
github.com/docToolchain/Bausteinsicht/internal/watcher/watcher.go:59.26,62.2 2 1
github.com/docToolchain/Bausteinsicht/internal/watcher/watcher.go:66.38,70.2 3 1
github.com/docToolchain/Bausteinsicht/internal/watcher/watcher.go:72.36,76.2 3 1
github.com/docToolchain/Bausteinsicht/internal/watcher/watcher.go:78.26,82.6 3 1
github.com/docToolchain/Bausteinsicht/internal/watcher/watcher.go:82.6,83.10 1 1
github.com/docToolchain/Bausteinsicht/internal/watcher/watcher.go:84.17,85.20 1 1
github.com/docToolchain/Bausteinsicht/internal/watcher/watcher.go:85.20,87.5 1 1
github.com/docToolchain/Bausteinsicht/internal/watcher/watcher.go:88.4,88.10 1 1
github.com/docToolchain/Bausteinsicht/internal/watcher/watcher.go:90.42,91.11 1 1
github.com/docToolchain/Bausteinsicht/internal/watcher/watcher.go:91.11,93.5 1 0
github.com/docToolchain/Bausteinsicht/internal/watcher/watcher.go:97.4,97.64 1 1
github.com/docToolchain/Bausteinsicht/internal/watcher/watcher.go:97.64,99.13 2 1
github.com/docToolchain/Bausteinsicht/internal/watcher/watcher.go:102.4,102.65 1 1
github.com/docToolchain/Bausteinsicht/internal/watcher/watcher.go:102.65,103.13 1 1
github.com/docToolchain/Bausteinsicht/internal/watcher/watcher.go:105.4,105.21 1 1
github.com/docToolchain/Bausteinsicht/internal/watcher/watcher.go:105.21,106.13 1 1
github.com/docToolchain/Bausteinsicht/internal/watcher/watcher.go:109.4,111.20 2 1
github.com/docToolchain/Bausteinsicht/internal/watcher/watcher.go:111.20,113.5 1 1
github.com/docToolchain/Bausteinsicht/internal/watcher/watcher.go:114.4,115.46 2 1
github.com/docToolchain/Bausteinsicht/internal/watcher/watcher.go:115.46,116.23 1 1
github.com/docToolchain/Bausteinsicht/internal/watcher/watcher.go:116.23,119.24 3 1
github.com/docToolchain/Bausteinsicht/internal/watcher/watcher.go:119.24,121.7 1 1
github.com/docToolchain/Bausteinsicht/internal/watcher/watcher.go:125.38,126.11 1 1
github.com/docToolchain/Bausteinsicht/internal/watcher/watcher.go:126.11,128.5 1 1
github.com/docToolchain/Bausteinsicht/internal/watcher/watcher.go:136.40,140.6 3 1
github.com/docToolchain/Bausteinsicht/internal/watcher/watcher.go:140.6,141.10 1 1
github.com/docToolchain/Bausteinsicht/internal/watcher/watcher.go:142.17,143.10 1 0
github.com/docToolchain/Bausteinsicht/internal/watcher/watcher.go:144.11,144.11 0 1
github.com/docToolchain/Bausteinsicht/internal/watcher/watcher.go:147.3,147.42 1 1
github.com/docToolchain/Bausteinsicht/internal/watcher/watcher.go:147.42,152.22 2 1
github.com/docToolchain/Bausteinsicht/internal/watcher/watcher.go:152.22,153.39 1 1
github.com/docToolchain/Bausteinsicht/internal/watcher/watcher.go:153.39,154.24 1 1
github.com/docToolchain/Bausteinsicht/internal/watcher/watcher.go:154.24,157.25 3 1
github.com/docToolchain/Bausteinsicht/internal/watcher/watcher.go:157.25,159.8 1 1
github.com/docToolchain/Bausteinsicht/internal/watcher/watcher.go:163.4,163.10 1 1
github.com/docToolchain/Bausteinsicht/internal/watcher/watcher.go:165.3,166.27 2 1
github.com/docToolchain/Bausteinsicht/internal/watcher/watcher.go:166.27,168.28 2 1
github.com/docToolchain/Bausteinsicht/internal/watcher/watcher.go:168.28,170.5 1 0
github.com/docToolchain/Bausteinsicht/internal/export/export.go:32.43,33.59 1 1
github.com/docToolchain/Bausteinsicht/internal/export/export.go:33.59,35.17 2 1
github.com/docToolchain/Bausteinsicht/internal/export/export.go:35.17,37.4 1 1
github.com/docToolchain/Bausteinsicht/internal/export/export.go:39.2,39.44 1 1
github.com/docToolchain/Bausteinsicht/internal/export/export.go:39.44,40.47 1 0
github.com/docToolchain/Bausteinsicht/internal/export/export.go:40.47,42.4 1 0
github.com/docToolchain/Bausteinsicht/internal/export/export.go:44.2,44.86 1 1
github.com/docToolchain/Bausteinsicht/internal/export/export.go:48.51,55.23 2 1
github.com/docToolchain/Bausteinsicht/internal/export/export.go:55.23,57.3 1 1
github.com/docToolchain/Bausteinsicht/internal/export/export.go:64.2,64.20 1 1
github.com/docToolchain/Bausteinsicht/internal/export/export.go:64.20,66.3 1 1
github.com/docToolchain/Bausteinsicht/internal/export/export.go:67.2,68.13 2 1
github.com/docToolchain/Bausteinsicht/internal/export/export.go:73.37,76.2 2 1
github.com/docToolchain/Bausteinsicht/internal/export/export.go:79.52,81.2 1 1
github.com/docToolchain/Bausteinsicht/internal/export/export.go:84.58,88.16 4 1
github.com/docToolchain/Bausteinsicht/internal/export/export.go:88.16,90.3 1 1
github.com/docToolchain/Bausteinsicht/internal/export/export.go:92.2,92.52 1 1
github.com/docToolchain/Bausteinsicht/internal/export/export.go:92.52,94.3 1 1
github.com/docToolchain/Bausteinsicht/internal/export/export.go:95.2,95.12 1 0
github.com/docToolchain/Bausteinsicht/internal/export/platform_linux.go:7.37,12.2 1 0
